[2020-03-09 11:23:03,184][INFO] any info message - [id:10][instance:4] - [COMP-8][file-11.c][function-3][ln:272]
[2020-03-09 11:23:04,686][INFO] any info message - [id:10][instance:5] - [COMP-9][file-10.c][function-5][ln:251]
[2020-03-09 11:23:06,186][INFO] any info message - [id:10][instance:4] - [COMP-2][file-8.c][function-12][ln:130]
[2020-03-09 11:23:07,687][INFO] any info message - [id:10][instance:5] - [COMP-12][file-5.c][function-12][ln:676]
[2020-03-09 11:23:09,188][INFO] any info message - [id:10][instance:1] - [COMP-13][file-12.c][function-1][ln:31]
[2020-03-09 11:23:10,690][INFO] any info message - [id:10][instance:1] - [COMP-1][file-7.c][function-7][ln:936]
[2020-03-09 11:23:12,190][INFO] any info message - [id:10][instance:2] - [COMP-9][file-6.c][function-7][ln:939]
[2020-03-09 11:23:13,546][ERROR] It is an error message - [id:10][instance:1] - [COMP-1][file-5.c][function-5][ln:6]
[2020-03-09 11:23:13,552][DEBUG] any debug message - [id:10][instance:3] - [COMP-3][file-2.c][function-6][ln:13]
[2020-03-09 11:23:13,552][WARNING] Here is a warning message - [id:10][instance:7] - [COMP-7][file-12.c][function-5][ln:609]
[2020-03-09 11:23:13,691][INFO] any info message - [id:10][instance:5] - [COMP-10][file-6.c][function-4][ln:44]
[2020-03-09 11:23:15,191][INFO] any info message - [id:10][instance:6] - [COMP-5][file-12.c][function-13][ln:541]
[2020-03-09 11:23:16,691][INFO] any info message - [id:10][instance:1] - [COMP-7][file-12.c][function-9][ln:140]
[2020-03-09 11:23:18,191][INFO] any info message - [id:10][instance:5] - [COMP-6][file-9.c][function-8][ln:138]
[2020-03-09 11:23:19,693][INFO] any info message - [id:10][instance:5] - [COMP-10][file-8.c][function-5][ln:978]
[2020-03-09 11:23:21,194][INFO] any info message - [id:10][instance:2] - [COMP-6][file-13.c][function-2][ln:986]
[2020-03-09 11:23:22,695][INFO] any info message - [id:10][instance:7] - [COMP-12][file-5.c][function-10][ln:348]
[2020-03-09 11:23:24,196][INFO] any info message - [id:10][instance:5] - [COMP-7][file-4.c][function-6][ln:179]
[2020-03-09 11:23:25,697][INFO] any info message - [id:10][instance:5] - [COMP-1][file-3.c][function-11][ln:554]
[2020-03-09 11:23:27,198][INFO] any info message - [id:10][instance:7] - [COMP-9][file-10.c][function-13][ln:311]
[2020-03-09 11:23:28,554][DEBUG] any debug message - [id:10][instance:2] - [COMP-12][file-9.c][function-2][ln:122]
[2020-03-09 11:23:28,699][INFO] any info message - [id:10][instance:5] - [COMP-2][file-6.c][function-11][ln:94]
[2020-03-09 11:23:30,199][INFO] any info message - [id:10][instance:5] - [COMP-12][file-5.c][function-7][ln:727]
[2020-03-09 11:23:31,699][INFO] any info message - [id:10][instance:3] - [COMP-12][file-8.c][function-11][ln:815]
[2020-03-09 11:23:33,199][INFO] any info message - [id:10][instance:1] - [COMP-12][file-1.c][function-11][ln:800]
[2020-03-09 11:23:34,700][INFO] any info message - [id:10][instance:7] - [COMP-5][file-11.c][function-9][ln:652]
[2020-03-09 11:23:36,201][INFO] any info message - [id:10][instance:7] - [COMP-9][file-9.c][function-8][ln:548]
[2020-03-09 11:23:37,703][INFO] any info message - [id:10][instance:5] - [COMP-6][file-1.c][function-11][ln:444]
[2020-03-09 11:23:39,203][INFO] any info message - [id:10][instance:4] - [COMP-9][file-4.c][function-8][ln:496]
[2020-03-09 11:23:40,704][INFO] any info message - [id:10][instance:6] - [COMP-7][file-12.c][function-11][ln:89]
[2020-03-09 11:23:42,205][INFO] any info message - [id:10][instance:4] - [COMP-4][file-5.c][function-2][ln:481]
[2020-03-09 11:23:43,554][WARNING] Here is a warning message - [id:10][instance:6] - [COMP-9][file-8.c][function-6][ln:883]
[2020-03-09 11:23:43,555][DEBUG] any debug message - [id:10][instance:6] - [COMP-5][file-2.c][function-2][ln:15]
[2020-03-09 11:23:43,707][INFO] any info message - [id:10][instance:7] - [COMP-5][file-11.c][function-5][ln:740]
[2020-03-09 11:23:45,207][INFO] any info message - [id:10][instance:6] - [COMP-9][file-1.c][function-2][ln:13]
[2020-03-09 11:23:46,709][INFO] any info message - [id:10][instance:1] - [COMP-13][file-9.c][function-9][ln:562]
[2020-03-09 11:23:48,209][INFO] any info message - [id:10][instance:2] - [COMP-7][file-8.c][function-11][ln:598]
[2020-03-09 11:23:49,710][INFO] any info message - [id:10][instance:5] - [COMP-6][file-5.c][function-4][ln:728]
[2020-03-09 11:23:51,210][INFO] any info message - [id:10][instance:3] - [COMP-5][file-11.c][function-5][ln:706]
[2020-03-09 11:23:52,710][INFO] any info message - [id:10][instance:7] - [COMP-10][file-6.c][function-7][ln:779]
[2020-03-09 11:23:54,212][INFO] any info message - [id:10][instance:1] - [COMP-1][file-4.c][function-12][ln:158]
[2020-03-09 11:23:55,714][INFO] any info message - [id:10][instance:2] - [COMP-2][file-6.c][function-12][ln:413]
[2020-03-09 11:23:57,213][INFO] any info message - [id:10][instance:4] - [COMP-6][file-3.c][function-4][ln:617]
[2020-03-09 11:23:58,555][DEBUG] any debug message - [id:10][instance:3] - [COMP-9][file-13.c][function-9][ln:396]
[2020-03-09 11:23:58,714][INFO] any info message - [id:10][instance:5] - [COMP-8][file-11.c][function-12][ln:92]
[2020-03-09 11:24:00,215][INFO] any info message - [id:10][instance:1] - [COMP-11][file-6.c][function-8][ln:595]
[2020-03-09 11:24:01,715][INFO] any info message - [id:10][instance:2] - [COMP-5][file-10.c][function-6][ln:733]
[2020-03-09 11:24:03,216][INFO] any info message - [id:10][instance:4] - [COMP-12][file-2.c][function-11][ln:296]
[2020-03-09 11:24:04,717][INFO] any info message - [id:10][instance:2] - [COMP-5][file-5.c][function-10][ln:344]
[2020-03-09 11:24:06,218][INFO] any info message - [id:10][instance:3] - [COMP-2][file-10.c][function-10][ln:215]
[2020-03-09 11:24:07,719][INFO] any info message - [id:10][instance:6] - [COMP-10][file-7.c][function-6][ln:415]
[2020-03-09 11:24:09,219][INFO] any info message - [id:10][instance:3] - [COMP-11][file-7.c][function-11][ln:614]
[2020-03-09 11:24:10,720][INFO] any info message - [id:10][instance:3] - [COMP-11][file-4.c][function-3][ln:227]
[2020-03-09 11:24:12,221][INFO] any info message - [id:10][instance:6] - [COMP-7][file-1.c][function-8][ln:460]
[2020-03-09 11:24:13,540][CRITICAL] ATTENTION: This is a critical issue! - [id:10][instance:5] - [COMP-4][file-10.c][function-13][ln:764]
[2020-03-09 11:24:13,546][ERROR] It is an error message - [id:10][instance:7] - [COMP-8][file-3.c][function-6][ln:276]
[2020-03-09 11:24:13,555][WARNING] Here is a warning message - [id:10][instance:1] - [COMP-4][file-11.c][function-13][ln:637]
[2020-03-09 11:24:13,557][DEBUG] any debug message - [id:10][instance:3] - [COMP-9][file-12.c][function-6][ln:550]
[2020-03-09 11:24:13,723][INFO] any info message - [id:10][instance:3] - [COMP-1][file-4.c][function-1][ln:834]
[2020-03-09 11:24:15,223][INFO] any info message - [id:10][instance:5] - [COMP-11][file-7.c][function-8][ln:773]
[2020-03-09 11:24:16,724][INFO] any info message - [id:10][instance:6] - [COMP-4][file-7.c][function-11][ln:702]
[2020-03-09 11:24:18,225][INFO] any info message - [id:10][instance:6] - [COMP-3][file-7.c][function-7][ln:864]
[2020-03-09 11:24:19,726][INFO] any info message - [id:10][instance:3] - [COMP-10][file-8.c][function-6][ln:926]
[2020-03-09 11:24:21,227][INFO] any info message - [id:10][instance:5] - [COMP-5][file-3.c][function-12][ln:490]
[2020-03-09 11:24:22,729][INFO] any info message - [id:10][instance:2] - [COMP-5][file-9.c][function-11][ln:6]
[2020-03-09 11:24:24,230][INFO] any info message - [id:10][instance:3] - [COMP-4][file-4.c][function-7][ln:876]
[2020-03-09 11:24:25,731][INFO] any info message - [id:10][instance:4] - [COMP-11][file-8.c][function-11][ln:603]
[2020-03-09 11:24:27,232][INFO] any info message - [id:10][instance:3] - [COMP-5][file-6.c][function-13][ln:182]
[2020-03-09 11:24:28,558][DEBUG] any debug message - [id:10][instance:5] - [COMP-2][file-2.c][function-6][ln:326]
[2020-03-09 11:24:28,734][INFO] any info message - [id:10][instance:6] - [COMP-1][file-12.c][function-9][ln:399]
[2020-03-09 11:24:30,236][INFO] any info message - [id:10][instance:7] - [COMP-3][file-3.c][function-11][ln:119]
[2020-03-09 11:24:31,736][INFO] any info message - [id:10][instance:5] - [COMP-10][file-3.c][function-7][ln:304]
[2020-03-09 11:24:33,237][INFO] any info message - [id:10][instance:7] - [COMP-11][file-2.c][function-4][ln:21]
[2020-03-09 11:24:34,738][INFO] any info message - [id:10][instance:2] - [COMP-11][file-2.c][function-9][ln:795]
[2020-03-09 11:24:36,239][INFO] any info message - [id:10][instance:4] - [COMP-7][file-7.c][function-7][ln:418]
[2020-03-09 11:24:37,741][INFO] any info message - [id:10][instance:1] - [COMP-3][file-8.c][function-10][ln:679]
[2020-03-09 11:24:39,242][INFO] any info message - [id:10][instance:6] - [COMP-10][file-1.c][function-9][ln:73]
[2020-03-09 11:24:40,743][INFO] any info message - [id:10][instance:1] - [COMP-12][file-3.c][function-2][ln:819]
[2020-03-09 11:24:42,246][INFO] any info message - [id:10][instance:6] - [COMP-5][file-6.c][function-1][ln:810]
[2020-03-09 11:24:43,556][WARNING] Here is a warning message - [id:10][instance:2] - [COMP-1][file-8.c][function-1][ln:856]
[2020-03-09 11:24:43,558][DEBUG] any debug message - [id:10][instance:5] - [COMP-6][file-9.c][function-5][ln:108]
[2020-03-09 11:24:43,745][INFO] any info message - [id:10][instance:6] - [COMP-12][file-5.c][function-11][ln:645]
[2020-03-09 11:24:45,247][INFO] any info message - [id:10][instance:5] - [COMP-7][file-11.c][function-3][ln:67]
[2020-03-09 11:24:46,747][INFO] any info message - [id:10][instance:1] - [COMP-5][file-6.c][function-9][ln:374]
[2020-03-09 11:24:48,247][INFO] any info message - [id:10][instance:3] - [COMP-13][file-1.c][function-10][ln:100]
[2020-03-09 11:24:49,748][INFO] any info message - [id:10][instance:6] - [COMP-7][file-2.c][function-13][ln:607]
[2020-03-09 11:24:51,249][INFO] any info message - [id:10][instance:2] - [COMP-8][file-3.c][function-12][ln:186]
[2020-03-09 11:24:52,749][INFO] any info message - [id:10][instance:2] - [COMP-11][file-9.c][function-5][ln:54]
[2020-03-09 11:24:54,250][INFO] any info message - [id:10][instance:4] - [COMP-1][file-11.c][function-12][ln:92]
[2020-03-09 11:24:55,752][INFO] any info message - [id:10][instance:4] - [COMP-13][file-8.c][function-1][ln:161]
[2020-03-09 11:24:57,251][INFO] any info message - [id:10][instance:2] - [COMP-5][file-13.c][function-5][ln:374]
[2020-03-09 11:24:58,560][DEBUG] any debug message - [id:10][instance:3] - [COMP-4][file-6.c][function-1][ln:829]
[2020-03-09 11:24:58,752][INFO] any info message - [id:10][instance:2] - [COMP-7][file-4.c][function-5][ln:298]
[2020-03-09 11:25:00,254][INFO] any info message - [id:10][instance:5] - [COMP-3][file-10.c][function-2][ln:282]
[2020-03-09 11:25:01,755][INFO] any info message - [id:10][instance:3] - [COMP-10][file-4.c][function-2][ln:95]
[2020-03-09 11:25:03,256][INFO] any info message - [id:10][instance:1] - [COMP-1][file-9.c][function-6][ln:152]
[2020-03-09 11:25:04,757][INFO] any info message - [id:10][instance:4] - [COMP-2][file-4.c][function-6][ln:38]
[2020-03-09 11:25:06,258][INFO] any info message - [id:10][instance:1] - [COMP-4][file-11.c][function-9][ln:542]
[2020-03-09 11:25:07,759][INFO] any info message - [id:10][instance:7] - [COMP-6][file-1.c][function-4][ln:29]
[2020-03-09 11:25:09,261][INFO] any info message - [id:10][instance:1] - [COMP-8][file-12.c][function-11][ln:496]
[2020-03-09 11:25:10,762][INFO] any info message - [id:10][instance:5] - [COMP-5][file-6.c][function-11][ln:682]
[2020-03-09 11:25:12,263][INFO] any info message - [id:10][instance:6] - [COMP-12][file-1.c][function-8][ln:207]
[2020-03-09 11:25:13,546][ERROR] It is an error message - [id:10][instance:7] - [COMP-10][file-13.c][function-12][ln:65]
[2020-03-09 11:25:13,557][WARNING] Here is a warning message - [id:10][instance:7] - [COMP-2][file-10.c][function-3][ln:835]
[2020-03-09 11:25:13,561][DEBUG] any debug message - [id:10][instance:2] - [COMP-11][file-13.c][function-13][ln:237]
[2020-03-09 11:25:13,764][INFO] any info message - [id:10][instance:5] - [COMP-10][file-12.c][function-8][ln:757]
[2020-03-09 11:25:15,264][INFO] any info message - [id:10][instance:6] - [COMP-7][file-13.c][function-3][ln:522]
[2020-03-09 11:25:16,766][INFO] any info message - [id:10][instance:6] - [COMP-1][file-6.c][function-5][ln:629]
[2020-03-09 11:25:18,267][INFO] any info message - [id:10][instance:4] - [COMP-1][file-12.c][function-12][ln:470]
[2020-03-09 11:25:19,769][INFO] any info message - [id:10][instance:7] - [COMP-5][file-11.c][function-2][ln:485]
[2020-03-09 11:25:21,269][INFO] any info message - [id:10][instance:3] - [COMP-9][file-12.c][function-9][ln:434]
[2020-03-09 11:25:22,769][INFO] any info message - [id:10][instance:2] - [COMP-5][file-12.c][function-7][ln:308]
[2020-03-09 11:25:24,270][INFO] any info message - [id:10][instance:4] - [COMP-12][file-10.c][function-8][ln:753]
[2020-03-09 11:25:25,770][INFO] any info message - [id:10][instance:7] - [COMP-11][file-7.c][function-5][ln:390]
[2020-03-09 11:25:27,271][INFO] any info message - [id:10][instance:5] - [COMP-4][file-11.c][function-11][ln:685]
[2020-03-09 11:25:28,562][DEBUG] any debug message - [id:10][instance:1] - [COMP-2][file-7.c][function-4][ln:131]
[2020-03-09 11:25:28,772][INFO] any info message - [id:10][instance:7] - [COMP-12][file-2.c][function-13][ln:717]
[2020-03-09 11:25:30,273][INFO] any info message - [id:10][instance:4] - [COMP-13][file-8.c][function-6][ln:250]
[2020-03-09 11:25:31,774][INFO] any info message - [id:10][instance:4] - [COMP-2][file-6.c][function-2][ln:733]
[2020-03-09 11:25:33,275][INFO] any info message - [id:10][instance:2] - [COMP-10][file-4.c][function-3][ln:57]
[2020-03-09 11:25:34,775][INFO] any info message - [id:10][instance:6] - [COMP-4][file-2.c][function-9][ln:658]
[2020-03-09 11:25:36,276][INFO] any info message - [id:10][instance:6] - [COMP-1][file-1.c][function-9][ln:957]
[2020-03-09 11:25:37,778][INFO] any info message - [id:10][instance:1] - [COMP-10][file-10.c][function-1][ln:723]
[2020-03-09 11:25:39,279][INFO] any info message - [id:10][instance:5] - [COMP-11][file-10.c][function-9][ln:411]
[2020-03-09 11:25:40,781][INFO] any info message - [id:10][instance:7] - [COMP-6][file-6.c][function-9][ln:879]
[2020-03-09 11:25:42,283][INFO] any info message - [id:10][instance:1] - [COMP-1][file-2.c][function-12][ln:188]
[2020-03-09 11:25:43,558][WARNING] Here is a warning message - [id:10][instance:7] - [COMP-4][file-2.c][function-12][ln:114]
[2020-03-09 11:25:43,563][DEBUG] any debug message - [id:10][instance:3] - [COMP-8][file-13.c][function-1][ln:265]
[2020-03-09 11:25:43,782][INFO] any info message - [id:10][instance:5] - [COMP-9][file-13.c][function-6][ln:473]
[2020-03-09 11:25:45,284][INFO] any info message - [id:10][instance:2] - [COMP-9][file-9.c][function-1][ln:673]
[2020-03-09 11:25:46,786][INFO] any info message - [id:10][instance:5] - [COMP-10][file-13.c][function-6][ln:787]
[2020-03-09 11:25:48,285][INFO] any info message - [id:10][instance:5] - [COMP-2][file-13.c][function-5][ln:72]
[2020-03-09 11:25:49,786][INFO] any info message - [id:10][instance:7] - [COMP-10][file-13.c][function-9][ln:834]
[2020-03-09 11:25:51,287][INFO] any info message - [id:10][instance:7] - [COMP-4][file-9.c][function-5][ln:294]
[2020-03-09 11:25:52,787][INFO] any info message - [id:10][instance:2] - [COMP-13][file-6.c][function-8][ln:464]
[2020-03-09 11:25:54,288][INFO] any info message - [id:10][instance:4] - [COMP-12][file-11.c][function-1][ln:916]
[2020-03-09 11:25:55,789][INFO] any info message - [id:10][instance:2] - [COMP-4][file-4.c][function-5][ln:999]
[2020-03-09 11:25:57,290][INFO] any info message - [id:10][instance:6] - [COMP-6][file-6.c][function-2][ln:125]
[2020-03-09 11:25:58,563][DEBUG] any debug message - [id:10][instance:5] - [COMP-8][file-10.c][function-13][ln:495]
[2020-03-09 11:25:58,790][INFO] any info message - [id:10][instance:2] - [COMP-9][file-6.c][function-3][ln:444]
[2020-03-09 11:26:00,293][INFO] any info message - [id:10][instance:4] - [COMP-13][file-7.c][function-8][ln:140]
[2020-03-09 11:26:01,794][INFO] any info message - [id:10][instance:4] - [COMP-8][file-11.c][function-6][ln:721]
[2020-03-09 11:26:03,295][INFO] any info message - [id:10][instance:5] - [COMP-8][file-7.c][function-5][ln:851]
[2020-03-09 11:26:04,795][INFO] any info message - [id:10][instance:4] - [COMP-6][file-10.c][function-12][ln:39]
[2020-03-09 11:26:06,296][INFO] any info message - [id:10][instance:7] - [COMP-1][file-5.c][function-8][ln:132]
[2020-03-09 11:26:07,797][INFO] any info message - [id:10][instance:2] - [COMP-13][file-9.c][function-10][ln:619]
[2020-03-09 11:26:09,296][INFO] any info message - [id:10][instance:2] - [COMP-4][file-10.c][function-7][ln:921]
[2020-03-09 11:26:10,797][INFO] any info message - [id:10][instance:3] - [COMP-3][file-2.c][function-6][ln:681]
[2020-03-09 11:26:12,298][INFO] any info message - [id:10][instance:7] - [COMP-8][file-13.c][function-7][ln:891]
[2020-03-09 11:26:13,540][CRITICAL] ATTENTION: This is a critical issue! - [id:10][instance:1] - [COMP-13][file-10.c][function-5][ln:869]
[2020-03-09 11:26:13,546][ERROR] It is an error message - [id:10][instance:1] - [COMP-3][file-9.c][function-3][ln:348]
[2020-03-09 11:26:13,559][WARNING] Here is a warning message - [id:10][instance:4] - [COMP-8][file-2.c][function-13][ln:108]
[2020-03-09 11:26:13,564][DEBUG] any debug message - [id:10][instance:6] - [COMP-3][file-9.c][function-5][ln:172]
[2020-03-09 11:26:13,799][INFO] any info message - [id:10][instance:5] - [COMP-13][file-10.c][function-9][ln:614]
[2020-03-09 11:26:15,300][INFO] any info message - [id:10][instance:2] - [COMP-13][file-3.c][function-6][ln:948]
[2020-03-09 11:26:16,801][INFO] any info message - [id:10][instance:3] - [COMP-3][file-12.c][function-12][ln:951]
[2020-03-09 11:26:18,302][INFO] any info message - [id:10][instance:3] - [COMP-13][file-5.c][function-1][ln:17]
[2020-03-09 11:26:19,803][INFO] any info message - [id:10][instance:5] - [COMP-2][file-3.c][function-3][ln:54]
[2020-03-09 11:26:21,303][INFO] any info message - [id:10][instance:5] - [COMP-7][file-12.c][function-9][ln:555]
[2020-03-09 11:26:22,804][INFO] any info message - [id:10][instance:7] - [COMP-12][file-13.c][function-5][ln:742]
[2020-03-09 11:26:24,305][INFO] any info message - [id:10][instance:6] - [COMP-5][file-1.c][function-11][ln:278]
[2020-03-09 11:26:25,805][INFO] any info message - [id:10][instance:5] - [COMP-10][file-9.c][function-7][ln:263]
[2020-03-09 11:26:27,306][INFO] any info message - [id:10][instance:7] - [COMP-8][file-9.c][function-9][ln:671]
[2020-03-09 11:26:28,566][DEBUG] any debug message - [id:10][instance:3] - [COMP-10][file-11.c][function-7][ln:484]
[2020-03-09 11:26:28,807][INFO] any info message - [id:10][instance:5] - [COMP-9][file-5.c][function-1][ln:319]
[2020-03-09 11:26:30,307][INFO] any info message - [id:10][instance:5] - [COMP-9][file-4.c][function-6][ln:950]
[2020-03-09 11:26:31,808][INFO] any info message - [id:10][instance:4] - [COMP-8][file-4.c][function-6][ln:170]
[2020-03-09 11:26:33,308][INFO] any info message - [id:10][instance:5] - [COMP-12][file-11.c][function-5][ln:927]
[2020-03-09 11:26:34,810][INFO] any info message - [id:10][instance:3] - [COMP-12][file-5.c][function-6][ln:744]
[2020-03-09 11:26:36,310][INFO] any info message - [id:10][instance:7] - [COMP-13][file-4.c][function-8][ln:209]
[2020-03-09 11:26:37,811][INFO] any info message - [id:10][instance:5] - [COMP-11][file-6.c][function-3][ln:30]
[2020-03-09 11:26:39,313][INFO] any info message - [id:10][instance:1] - [COMP-10][file-10.c][function-13][ln:732]
[2020-03-09 11:26:40,813][INFO] any info message - [id:10][instance:5] - [COMP-13][file-13.c][function-12][ln:330]
[2020-03-09 11:26:42,314][INFO] any info message - [id:10][instance:1] - [COMP-13][file-4.c][function-10][ln:47]
[2020-03-09 11:26:43,560][WARNING] Here is a warning message - [id:10][instance:4] - [COMP-12][file-7.c][function-10][ln:964]
[2020-03-09 11:26:43,566][DEBUG] any debug message - [id:10][instance:6] - [COMP-11][file-5.c][function-5][ln:353]
[2020-03-09 11:26:43,814][INFO] any info message - [id:10][instance:3] - [COMP-13][file-9.c][function-3][ln:26]
[2020-03-09 11:26:45,316][INFO] any info message - [id:10][instance:4] - [COMP-10][file-10.c][function-8][ln:125]
[2020-03-09 11:26:46,816][INFO] any info message - [id:10][instance:4] - [COMP-2][file-8.c][function-11][ln:837]
[2020-03-09 11:26:48,317][INFO] any info message - [id:10][instance:1] - [COMP-3][file-4.c][function-7][ln:206]
[2020-03-09 11:26:49,819][INFO] any info message - [id:10][instance:1] - [COMP-4][file-5.c][function-7][ln:599]
[2020-03-09 11:26:51,319][INFO] any info message - [id:10][instance:7] - [COMP-2][file-10.c][function-5][ln:591]
[2020-03-09 11:26:52,819][INFO] any info message - [id:10][instance:3] - [COMP-12][file-4.c][function-6][ln:809]
[2020-03-09 11:26:54,319][INFO] any info message - [id:10][instance:3] - [COMP-8][file-12.c][function-2][ln:99]
[2020-03-09 11:26:55,821][INFO] any info message - [id:10][instance:5] - [COMP-9][file-11.c][function-2][ln:573]
[2020-03-09 11:26:57,323][INFO] any info message - [id:10][instance:2] - [COMP-11][file-9.c][function-9][ln:250]
[2020-03-09 11:26:58,568][DEBUG] any debug message - [id:10][instance:3] - [COMP-9][file-5.c][function-13][ln:69]
[2020-03-09 11:26:58,823][INFO] any info message - [id:10][instance:7] - [COMP-4][file-8.c][function-3][ln:66]
[2020-03-09 11:27:00,324][INFO] any info message - [id:10][instance:2] - [COMP-5][file-8.c][function-7][ln:556]
[2020-03-09 11:27:01,826][INFO] any info message - [id:10][instance:7] - [COMP-12][file-6.c][function-2][ln:900]
[2020-03-09 11:27:03,326][INFO] any info message - [id:10][instance:2] - [COMP-1][file-7.c][function-9][ln:18]
[2020-03-09 11:27:04,827][INFO] any info message - [id:10][instance:5] - [COMP-5][file-8.c][function-8][ln:163]
[2020-03-09 11:27:06,327][INFO] any info message - [id:10][instance:1] - [COMP-1][file-12.c][function-3][ln:491]
[2020-03-09 11:27:07,827][INFO] any info message - [id:10][instance:4] - [COMP-7][file-1.c][function-7][ln:232]
[2020-03-09 11:27:09,329][INFO] any info message - [id:10][instance:2] - [COMP-5][file-3.c][function-2][ln:15]
[2020-03-09 11:27:10,830][INFO] any info message - [id:10][instance:1] - [COMP-9][file-11.c][function-13][ln:914]
[2020-03-09 11:27:12,330][INFO] any info message - [id:10][instance:5] - [COMP-8][file-2.c][function-7][ln:268]
[2020-03-09 11:27:13,547][ERROR] It is an error message - [id:10][instance:4] - [COMP-5][file-5.c][function-7][ln:583]
[2020-03-09 11:27:13,562][WARNING] Here is a warning message - [id:10][instance:3] - [COMP-9][file-7.c][function-6][ln:778]
[2020-03-09 11:27:13,572][DEBUG] any debug message - [id:10][instance:4] - [COMP-2][file-5.c][function-3][ln:907]
[2020-03-09 11:27:13,831][INFO] any info message - [id:10][instance:1] - [COMP-7][file-11.c][function-5][ln:381]
[2020-03-09 11:27:15,332][INFO] any info message - [id:10][instance:2] - [COMP-10][file-8.c][function-5][ln:50]
[2020-03-09 11:27:16,833][INFO] any info message - [id:10][instance:5] - [COMP-13][file-5.c][function-11][ln:261]
[2020-03-09 11:27:18,333][INFO] any info message - [id:10][instance:1] - [COMP-3][file-9.c][function-2][ln:552]
[2020-03-09 11:27:19,834][INFO] any info message - [id:10][instance:3] - [COMP-2][file-11.c][function-10][ln:557]
[2020-03-09 11:27:21,335][INFO] any info message - [id:10][instance:3] - [COMP-3][file-9.c][function-2][ln:608]
[2020-03-09 11:27:22,837][INFO] any info message - [id:10][instance:5] - [COMP-4][file-11.c][function-2][ln:703]
[2020-03-09 11:27:24,338][INFO] any info message - [id:10][instance:1] - [COMP-7][file-1.c][function-4][ln:289]
[2020-03-09 11:27:25,839][INFO] any info message - [id:10][instance:7] - [COMP-5][file-10.c][function-9][ln:376]
[2020-03-09 11:27:27,340][INFO] any info message - [id:10][instance:4] - [COMP-11][file-3.c][function-5][ln:324]
[2020-03-09 11:27:28,573][DEBUG] any debug message - [id:10][instance:4] - [COMP-9][file-3.c][function-2][ln:615]
[2020-03-09 11:27:28,841][INFO] any info message - [id:10][instance:2] - [COMP-9][file-1.c][function-9][ln:19]
[2020-03-09 11:27:30,341][INFO] any info message - [id:10][instance:6] - [COMP-12][file-1.c][function-4][ln:984]
[2020-03-09 11:27:31,841][INFO] any info message - [id:10][instance:1] - [COMP-4][file-6.c][function-2][ln:649]
[2020-03-09 11:27:33,343][INFO] any info message - [id:10][instance:2] - [COMP-11][file-12.c][function-12][ln:297]
[2020-03-09 11:27:34,844][INFO] any info message - [id:10][instance:5] - [COMP-10][file-8.c][function-11][ln:863]
[2020-03-09 11:27:36,346][INFO] any info message - [id:10][instance:4] - [COMP-8][file-6.c][function-8][ln:675]
[2020-03-09 11:27:37,846][INFO] any info message - [id:10][instance:3] - [COMP-9][file-6.c][function-2][ln:953]
[2020-03-09 11:27:39,347][INFO] any info message - [id:10][instance:6] - [COMP-7][file-6.c][function-7][ln:656]
[2020-03-09 11:27:40,847][INFO] any info message - [id:10][instance:4] - [COMP-5][file-7.c][function-2][ln:744]
[2020-03-09 11:27:42,349][INFO] any info message - [id:10][instance:4] - [COMP-1][file-12.c][function-8][ln:743]
[2020-03-09 11:27:43,563][WARNING] Here is a warning message - [id:10][instance:7] - [COMP-7][file-12.c][function-11][ln:812]
[2020-03-09 11:27:43,573][DEBUG] any debug message - [id:10][instance:6] - [COMP-12][file-7.c][function-4][ln:446]
[2020-03-09 11:27:43,850][INFO] any info message - [id:10][instance:3] - [COMP-13][file-10.c][function-6][ln:310]
[2020-03-09 11:27:45,351][INFO] any info message - [id:10][instance:5] - [COMP-13][file-9.c][function-7][ln:922]
[2020-03-09 11:27:46,853][INFO] any info message - [id:10][instance:4] - [COMP-12][file-8.c][function-4][ln:579]
[2020-03-09 11:27:48,353][INFO] any info message - [id:10][instance:2] - [COMP-8][file-2.c][function-2][ln:368]
[2020-03-09 11:27:49,854][INFO] any info message - [id:10][instance:5] - [COMP-8][file-9.c][function-1][ln:760]
[2020-03-09 11:27:51,354][INFO] any info message - [id:10][instance:5] - [COMP-9][file-1.c][function-1][ln:52]
[2020-03-09 11:27:52,856][INFO] any info message - [id:10][instance:1] - [COMP-1][file-2.c][function-2][ln:837]
[2020-03-09 11:27:54,355][INFO] any info message - [id:10][instance:7] - [COMP-5][file-7.c][function-4][ln:384]
[2020-03-09 11:27:55,857][INFO] any info message - [id:10][instance:3] - [COMP-2][file-10.c][function-3][ln:616]
[2020-03-09 11:27:57,358][INFO] any info message - [id:10][instance:7] - [COMP-13][file-10.c][function-5][ln:623]
[2020-03-09 11:27:58,574][DEBUG] any debug message - [id:10][instance:5] - [COMP-11][file-12.c][function-2][ln:65]
[2020-03-09 11:27:58,858][INFO] any info message - [id:10][instance:2] - [COMP-9][file-6.c][function-13][ln:578]
[2020-03-09 11:28:00,358][INFO] any info message - [id:10][instance:4] - [COMP-7][file-11.c][function-11][ln:962]
[2020-03-09 11:28:01,858][INFO] any info message - [id:10][instance:4] - [COMP-13][file-5.c][function-8][ln:74]
[2020-03-09 11:28:03,359][INFO] any info message - [id:10][instance:2] - [COMP-10][file-12.c][function-8][ln:771]
[2020-03-09 11:28:04,860][INFO] any info message - [id:10][instance:2] - [COMP-12][file-3.c][function-11][ln:668]
[2020-03-09 11:28:06,362][INFO] any info message - [id:10][instance:4] - [COMP-1][file-6.c][function-11][ln:909]
[2020-03-09 11:28:07,862][INFO] any info message - [id:10][instance:2] - [COMP-13][file-4.c][function-9][ln:419]
[2020-03-09 11:28:09,363][INFO] any info message - [id:10][instance:3] - [COMP-1][file-12.c][function-8][ln:710]
[2020-03-09 11:28:10,864][INFO] any info message - [id:10][instance:7] - [COMP-2][file-9.c][function-8][ln:203]
[2020-03-09 11:28:12,365][INFO] any info message - [id:10][instance:2] - [COMP-10][file-4.c][function-8][ln:315]
[2020-03-09 11:28:13,541][CRITICAL] ATTENTION: This is a critical issue! - [id:10][instance:7] - [COMP-2][file-10.c][function-7][ln:570]
[2020-03-09 11:28:13,548][ERROR] It is an error message - [id:10][instance:3] - [COMP-6][file-9.c][function-5][ln:995]
[2020-03-09 11:28:13,564][WARNING] Here is a warning message - [id:10][instance:4] - [COMP-13][file-11.c][function-9][ln:229]
[2020-03-09 11:28:13,574][DEBUG] any debug message - [id:10][instance:2] - [COMP-5][file-1.c][function-10][ln:936]
[2020-03-09 11:28:13,866][INFO] any info message - [id:10][instance:4] - [COMP-9][file-2.c][function-1][ln:968]
[2020-03-09 11:28:15,366][INFO] any info message - [id:10][instance:6] - [COMP-5][file-5.c][function-12][ln:427]
[2020-03-09 11:28:16,869][INFO] any info message - [id:10][instance:7] - [COMP-4][file-3.c][function-11][ln:863]
[2020-03-09 11:28:18,370][INFO] any info message - [id:10][instance:4] - [COMP-8][file-5.c][function-2][ln:368]
[2020-03-09 11:28:19,871][INFO] any info message - [id:10][instance:1] - [COMP-4][file-11.c][function-9][ln:376]
[2020-03-09 11:28:21,372][INFO] any info message - [id:10][instance:3] - [COMP-13][file-10.c][function-8][ln:949]
[2020-03-09 11:28:22,872][INFO] any info message - [id:10][instance:6] - [COMP-3][file-3.c][function-4][ln:377]
[2020-03-09 11:28:24,373][INFO] any info message - [id:10][instance:1] - [COMP-4][file-8.c][function-4][ln:717]
[2020-03-09 11:28:25,874][INFO] any info message - [id:10][instance:7] - [COMP-7][file-10.c][function-2][ln:232]
[2020-03-09 11:28:27,374][INFO] any info message - [id:10][instance:3] - [COMP-11][file-4.c][function-5][ln:434]
[2020-03-09 11:28:28,576][DEBUG] any debug message - [id:10][instance:5] - [COMP-12][file-2.c][function-5][ln:365]
[2020-03-09 11:28:28,875][INFO] any info message - [id:10][instance:6] - [COMP-12][file-9.c][function-13][ln:330]
[2020-03-09 11:28:30,375][INFO] any info message - [id:10][instance:5] - [COMP-12][file-5.c][function-3][ln:88]
[2020-03-09 11:28:31,876][INFO] any info message - [id:10][instance:2] - [COMP-12][file-6.c][function-7][ln:959]
[2020-03-09 11:28:33,377][INFO] any info message - [id:10][instance:2] - [COMP-12][file-3.c][function-2][ln:41]
[2020-03-09 11:28:34,877][INFO] any info message - [id:10][instance:7] - [COMP-9][file-5.c][function-7][ln:652]
[2020-03-09 11:28:36,378][INFO] any info message - [id:10][instance:4] - [COMP-7][file-6.c][function-5][ln:110]
[2020-03-09 11:28:37,879][INFO] any info message - [id:10][instance:3] - [COMP-11][file-6.c][function-8][ln:150]
[2020-03-09 11:28:39,379][INFO] any info message - [id:10][instance:7] - [COMP-4][file-4.c][function-12][ln:325]
[2020-03-09 11:28:40,880][INFO] any info message - [id:10][instance:4] - [COMP-12][file-13.c][function-2][ln:882]
[2020-03-09 11:28:42,380][INFO] any info message - [id:10][instance:2] - [COMP-2][file-6.c][function-7][ln:915]
[2020-03-09 11:28:43,564][WARNING] Here is a warning message - [id:10][instance:2] - [COMP-8][file-8.c][function-6][ln:723]
[2020-03-09 11:28:43,576][DEBUG] any debug message - [id:10][instance:1] - [COMP-4][file-1.c][function-12][ln:705]
[2020-03-09 11:28:43,881][INFO] any info message - [id:10][instance:4] - [COMP-1][file-1.c][function-3][ln:952]
[2020-03-09 11:28:45,381][INFO] any info message - [id:10][instance:3] - [COMP-6][file-5.c][function-6][ln:901]
[2020-03-09 11:28:46,882][INFO] any info message - [id:10][instance:6] - [COMP-8][file-3.c][function-6][ln:715]
[2020-03-09 11:28:48,383][INFO] any info message - [id:10][instance:4] - [COMP-12][file-10.c][function-8][ln:770]
[2020-03-09 11:28:49,884][INFO] any info message - [id:10][instance:7] - [COMP-2][file-8.c][function-10][ln:614]
[2020-03-09 11:28:51,385][INFO] any info message - [id:10][instance:4] - [COMP-8][file-5.c][function-6][ln:67]
[2020-03-09 11:28:52,885][INFO] any info message - [id:10][instance:7] - [COMP-4][file-11.c][function-4][ln:638]
[2020-03-09 11:28:54,386][INFO] any info message - [id:10][instance:7] - [COMP-12][file-2.c][function-4][ln:55]
[2020-03-09 11:28:55,887][INFO] any info message - [id:10][instance:2] - [COMP-10][file-3.c][function-4][ln:533]
[2020-03-09 11:28:57,387][INFO] any info message - [id:10][instance:5] - [COMP-8][file-7.c][function-3][ln:518]
[2020-03-09 11:28:58,577][DEBUG] any debug message - [id:10][instance:1] - [COMP-5][file-12.c][function-5][ln:559]
[2020-03-09 11:28:58,887][INFO] any info message - [id:10][instance:6] - [COMP-1][file-13.c][function-5][ln:900]
[2020-03-09 11:29:00,389][INFO] any info message - [id:10][instance:6] - [COMP-13][file-8.c][function-3][ln:749]
[2020-03-09 11:29:01,889][INFO] any info message - [id:10][instance:5] - [COMP-5][file-8.c][function-4][ln:323]
[2020-03-09 11:29:03,390][INFO] any info message - [id:10][instance:1] - [COMP-5][file-6.c][function-8][ln:878]
[2020-03-09 11:29:04,890][INFO] any info message - [id:10][instance:7] - [COMP-7][file-7.c][function-7][ln:443]
[2020-03-09 11:29:06,391][INFO] any info message - [id:10][instance:1] - [COMP-2][file-6.c][function-1][ln:832]
[2020-03-09 11:29:07,891][INFO] any info message - [id:10][instance:2] - [COMP-13][file-2.c][function-2][ln:479]
[2020-03-09 11:29:09,391][INFO] any info message - [id:10][instance:2] - [COMP-7][file-7.c][function-11][ln:732]
[2020-03-09 11:29:10,892][INFO] any info message - [id:10][instance:5] - [COMP-5][file-6.c][function-6][ln:668]
[2020-03-09 11:29:12,393][INFO] any info message - [id:10][instance:5] - [COMP-10][file-11.c][function-4][ln:597]
[2020-03-09 11:29:13,548][ERROR] It is an error message - [id:10][instance:1] - [COMP-11][file-8.c][function-7][ln:184]
[2020-03-09 11:29:13,564][WARNING] Here is a warning message - [id:10][instance:1] - [COMP-9][file-5.c][function-1][ln:840]
[2020-03-09 11:29:13,578][DEBUG] any debug message - [id:10][instance:2] - [COMP-8][file-1.c][function-13][ln:920]
[2020-03-09 11:29:13,893][INFO] any info message - [id:10][instance:7] - [COMP-13][file-5.c][function-7][ln:333]
[2020-03-09 11:29:15,393][INFO] any info message - [id:10][instance:4] - [COMP-2][file-9.c][function-7][ln:383]
[2020-03-09 11:29:16,893][INFO] any info message - [id:10][instance:7] - [COMP-3][file-9.c][function-13][ln:144]
[2020-03-09 11:29:18,393][INFO] any info message - [id:10][instance:6] - [COMP-1][file-11.c][function-6][ln:861]
[2020-03-09 11:29:19,894][INFO] any info message - [id:10][instance:1] - [COMP-2][file-13.c][function-1][ln:240]
[2020-03-09 11:29:21,395][INFO] any info message - [id:10][instance:6] - [COMP-8][file-4.c][function-2][ln:894]
[2020-03-09 11:29:22,896][INFO] any info message - [id:10][instance:2] - [COMP-9][file-3.c][function-13][ln:952]
[2020-03-09 11:29:24,397][INFO] any info message - [id:10][instance:1] - [COMP-1][file-4.c][function-6][ln:6]
[2020-03-09 11:29:25,897][INFO] any info message - [id:10][instance:1] - [COMP-13][file-10.c][function-7][ln:542]
[2020-03-09 11:29:27,397][INFO] any info message - [id:10][instance:3] - [COMP-8][file-10.c][function-13][ln:349]
[2020-03-09 11:29:28,578][DEBUG] any debug message - [id:10][instance:6] - [COMP-7][file-7.c][function-6][ln:404]
[2020-03-09 11:29:28,898][INFO] any info message - [id:10][instance:2] - [COMP-13][file-3.c][function-10][ln:701]
[2020-03-09 11:29:30,399][INFO] any info message - [id:10][instance:5] - [COMP-9][file-10.c][function-4][ln:57]
[2020-03-09 11:29:31,900][INFO] any info message - [id:10][instance:6] - [COMP-12][file-5.c][function-11][ln:913]
[2020-03-09 11:29:33,400][INFO] any info message - [id:10][instance:2] - [COMP-2][file-8.c][function-12][ln:680]
[2020-03-09 11:29:34,901][INFO] any info message - [id:10][instance:6] - [COMP-8][file-4.c][function-1][ln:412]
[2020-03-09 11:29:36,402][INFO] any info message - [id:10][instance:5] - [COMP-2][file-7.c][function-10][ln:246]
[2020-03-09 11:29:37,903][INFO] any info message - [id:10][instance:5] - [COMP-2][file-6.c][function-1][ln:536]
[2020-03-09 11:29:39,403][INFO] any info message - [id:10][instance:5] - [COMP-2][file-10.c][function-11][ln:866]
[2020-03-09 11:29:40,903][INFO] any info message - [id:10][instance:1] - [COMP-3][file-5.c][function-6][ln:556]
[2020-03-09 11:29:42,403][INFO] any info message - [id:10][instance:2] - [COMP-4][file-11.c][function-8][ln:804]
[2020-03-09 11:29:43,565][WARNING] Here is a warning message - [id:10][instance:1] - [COMP-6][file-7.c][function-3][ln:461]
[2020-03-09 11:29:43,579][DEBUG] any debug message - [id:10][instance:4] - [COMP-3][file-6.c][function-11][ln:72]
[2020-03-09 11:29:43,903][INFO] any info message - [id:10][instance:6] - [COMP-7][file-10.c][function-13][ln:466]
[2020-03-09 11:29:45,405][INFO] any info message - [id:10][instance:1] - [COMP-12][file-13.c][function-12][ln:216]
[2020-03-09 11:29:46,906][INFO] any info message - [id:10][instance:1] - [COMP-10][file-7.c][function-8][ln:59]
[2020-03-09 11:29:48,407][INFO] any info message - [id:10][instance:6] - [COMP-4][file-1.c][function-5][ln:838]
[2020-03-09 11:29:49,909][INFO] any info message - [id:10][instance:5] - [COMP-13][file-11.c][function-4][ln:619]
[2020-03-09 11:29:51,409][INFO] any info message - [id:10][instance:5] - [COMP-11][file-9.c][function-7][ln:854]
[2020-03-09 11:29:52,910][INFO] any info message - [id:10][instance:1] - [COMP-7][file-6.c][function-8][ln:374]
[2020-03-09 11:29:54,410][INFO] any info message - [id:10][instance:7] - [COMP-2][file-12.c][function-1][ln:417]
[2020-03-09 11:29:55,912][INFO] any info message - [id:10][instance:3] - [COMP-9][file-13.c][function-2][ln:972]
[2020-03-09 11:29:57,412][INFO] any info message - [id:10][instance:5] - [COMP-3][file-7.c][function-5][ln:763]
[2020-03-09 11:29:58,580][DEBUG] any debug message - [id:10][instance:1] - [COMP-1][file-4.c][function-9][ln:338]
[2020-03-09 11:29:58,912][INFO] any info message - [id:10][instance:7] - [COMP-9][file-9.c][function-4][ln:205]
[2020-03-09 11:30:00,412][INFO] any info message - [id:10][instance:7] - [COMP-7][file-6.c][function-9][ln:954]
[2020-03-09 11:30:01,914][INFO] any info message - [id:10][instance:2] - [COMP-8][file-2.c][function-7][ln:417]
[2020-03-09 11:30:03,416][INFO] any info message - [id:10][instance:5] - [COMP-10][file-9.c][function-4][ln:672]
[2020-03-09 11:30:04,916][INFO] any info message - [id:10][instance:6] - [COMP-6][file-1.c][function-9][ln:536]
[2020-03-09 11:30:06,417][INFO] any info message - [id:10][instance:5] - [COMP-3][file-3.c][function-2][ln:162]
[2020-03-09 11:30:07,918][INFO] any info message - [id:10][instance:4] - [COMP-1][file-5.c][function-7][ln:134]
[2020-03-09 11:30:09,420][INFO] any info message - [id:10][instance:1] - [COMP-10][file-6.c][function-10][ln:960]
[2020-03-09 11:30:10,922][INFO] any info message - [id:10][instance:7] - [COMP-4][file-5.c][function-8][ln:252]
[2020-03-09 11:30:12,422][INFO] any info message - [id:10][instance:7] - [COMP-13][file-3.c][function-6][ln:46]
[2020-03-09 11:30:13,543][CRITICAL] ATTENTION: This is a critical issue! - [id:10][instance:3] - [COMP-11][file-12.c][function-13][ln:273]
[2020-03-09 11:30:13,549][ERROR] It is an error message - [id:10][instance:6] - [COMP-4][file-6.c][function-13][ln:256]
[2020-03-09 11:30:13,567][WARNING] Here is a warning message - [id:10][instance:5] - [COMP-2][file-7.c][function-5][ln:183]
[2020-03-09 11:30:13,580][DEBUG] any debug message - [id:10][instance:5] - [COMP-2][file-6.c][function-10][ln:68]
[2020-03-09 11:30:13,923][INFO] any info message - [id:10][instance:4] - [COMP-12][file-4.c][function-1][ln:933]
[2020-03-09 11:30:15,424][INFO] any info message - [id:10][instance:4] - [COMP-12][file-5.c][function-7][ln:508]
[2020-03-09 11:30:16,924][INFO] any info message - [id:10][instance:4] - [COMP-8][file-5.c][function-6][ln:514]
[2020-03-09 11:30:18,425][INFO] any info message - [id:10][instance:5] - [COMP-12][file-11.c][function-13][ln:971]
[2020-03-09 11:30:19,926][INFO] any info message - [id:10][instance:1] - [COMP-1][file-2.c][function-13][ln:449]
[2020-03-09 11:30:21,427][INFO] any info message - [id:10][instance:4] - [COMP-11][file-6.c][function-8][ln:846]
[2020-03-09 11:30:22,929][INFO] any info message - [id:10][instance:1] - [COMP-2][file-7.c][function-1][ln:464]
[2020-03-09 11:30:24,430][INFO] any info message - [id:10][instance:3] - [COMP-9][file-13.c][function-4][ln:670]
[2020-03-09 11:30:25,930][INFO] any info message - [id:10][instance:6] - [COMP-6][file-4.c][function-13][ln:752]
[2020-03-09 11:30:27,430][INFO] any info message - [id:10][instance:2] - [COMP-13][file-12.c][function-5][ln:718]
[2020-03-09 11:30:28,580][DEBUG] any debug message - [id:10][instance:7] - [COMP-10][file-11.c][function-3][ln:161]
[2020-03-09 11:30:28,930][INFO] any info message - [id:10][instance:7] - [COMP-2][file-12.c][function-12][ln:506]
[2020-03-09 11:30:30,431][INFO] any info message - [id:10][instance:3] - [COMP-5][file-2.c][function-8][ln:188]
[2020-03-09 11:30:31,931][INFO] any info message - [id:10][instance:1] - [COMP-2][file-9.c][function-4][ln:371]
[2020-03-09 11:30:33,432][INFO] any info message - [id:10][instance:3] - [COMP-11][file-5.c][function-3][ln:282]
[2020-03-09 11:30:34,933][INFO] any info message - [id:10][instance:5] - [COMP-6][file-1.c][function-3][ln:749]
[2020-03-09 11:30:36,435][INFO] any info message - [id:10][instance:6] - [COMP-1][file-5.c][function-12][ln:991]
[2020-03-09 11:30:37,936][INFO] any info message - [id:10][instance:5] - [COMP-12][file-12.c][function-1][ln:430]
[2020-03-09 11:30:39,437][INFO] any info message - [id:10][instance:3] - [COMP-4][file-8.c][function-12][ln:858]
[2020-03-09 11:30:40,938][INFO] any info message - [id:10][instance:6] - [COMP-13][file-1.c][function-12][ln:927]
[2020-03-09 11:30:42,439][INFO] any info message - [id:10][instance:4] - [COMP-13][file-8.c][function-5][ln:967]
[2020-03-09 11:30:43,568][WARNING] Here is a warning message - [id:10][instance:1] - [COMP-11][file-13.c][function-2][ln:652]
[2020-03-09 11:30:43,581][DEBUG] any debug message - [id:10][instance:7] - [COMP-1][file-11.c][function-12][ln:682]
[2020-03-09 11:30:43,941][INFO] any info message - [id:10][instance:3] - [COMP-4][file-5.c][function-11][ln:28]
[2020-03-09 11:30:45,441][INFO] any info message - [id:10][instance:6] - [COMP-10][file-1.c][function-10][ln:813]
[2020-03-09 11:30:46,943][INFO] any info message - [id:10][instance:4] - [COMP-3][file-10.c][function-8][ln:163]
[2020-03-09 11:30:48,443][INFO] any info message - [id:10][instance:6] - [COMP-13][file-3.c][function-12][ln:171]
[2020-03-09 11:30:49,945][INFO] any info message - [id:10][instance:1] - [COMP-12][file-8.c][function-8][ln:285]
[2020-03-09 11:30:51,446][INFO] any info message - [id:10][instance:6] - [COMP-3][file-7.c][function-2][ln:455]
[2020-03-09 11:30:52,948][INFO] any info message - [id:10][instance:5] - [COMP-1][file-11.c][function-8][ln:33]
[2020-03-09 11:30:54,449][INFO] any info message - [id:10][instance:3] - [COMP-5][file-13.c][function-10][ln:309]
[2020-03-09 11:30:55,950][INFO] any info message - [id:10][instance:7] - [COMP-6][file-2.c][function-10][ln:352]
[2020-03-09 11:30:57,451][INFO] any info message - [id:10][instance:4] - [COMP-8][file-12.c][function-5][ln:118]
[2020-03-09 11:30:58,582][DEBUG] any debug message - [id:10][instance:1] - [COMP-2][file-7.c][function-2][ln:652]
[2020-03-09 11:30:58,952][INFO] any info message - [id:10][instance:4] - [COMP-13][file-4.c][function-8][ln:734]
[2020-03-09 11:31:00,452][INFO] any info message - [id:10][instance:2] - [COMP-5][file-4.c][function-3][ln:404]
[2020-03-09 11:31:01,953][INFO] any info message - [id:10][instance:3] - [COMP-8][file-8.c][function-11][ln:419]
[2020-03-09 11:31:03,454][INFO] any info message - [id:10][instance:3] - [COMP-9][file-3.c][function-8][ln:837]
[2020-03-09 11:31:04,956][INFO] any info message - [id:10][instance:5] - [COMP-8][file-7.c][function-10][ln:162]
[2020-03-09 11:31:06,456][INFO] any info message - [id:10][instance:7] - [COMP-3][file-13.c][function-5][ln:70]
[2020-03-09 11:31:07,958][INFO] any info message - [id:10][instance:5] - [COMP-3][file-5.c][function-5][ln:246]
[2020-03-09 11:31:09,459][INFO] any info message - [id:10][instance:5] - [COMP-13][file-6.c][function-2][ln:180]
[2020-03-09 11:31:10,959][INFO] any info message - [id:10][instance:5] - [COMP-3][file-11.c][function-11][ln:855]
[2020-03-09 11:31:12,460][INFO] any info message - [id:10][instance:6] - [COMP-8][file-3.c][function-1][ln:36]
[2020-03-09 11:31:13,549][ERROR] It is an error message - [id:10][instance:2] - [COMP-10][file-3.c][function-2][ln:738]
[2020-03-09 11:31:13,568][WARNING] Here is a warning message - [id:10][instance:1] - [COMP-7][file-12.c][function-4][ln:198]
[2020-03-09 11:31:13,581][DEBUG] any debug message - [id:10][instance:3] - [COMP-4][file-3.c][function-6][ln:829]
[2020-03-09 11:31:13,960][INFO] any info message - [id:10][instance:2] - [COMP-7][file-2.c][function-1][ln:589]
[2020-03-09 11:31:15,461][INFO] any info message - [id:10][instance:3] - [COMP-6][file-5.c][function-13][ln:567]
[2020-03-09 11:31:16,962][INFO] any info message - [id:10][instance:1] - [COMP-8][file-3.c][function-4][ln:239]
[2020-03-09 11:31:18,463][INFO] any info message - [id:10][instance:5] - [COMP-2][file-13.c][function-9][ln:546]
[2020-03-09 11:31:19,962][INFO] any info message - [id:10][instance:6] - [COMP-11][file-8.c][function-8][ln:662]
[2020-03-09 11:31:21,463][INFO] any info message - [id:10][instance:2] - [COMP-3][file-8.c][function-2][ln:915]
[2020-03-09 11:31:22,964][INFO] any info message - [id:10][instance:5] - [COMP-1][file-4.c][function-9][ln:272]
[2020-03-09 11:31:24,465][INFO] any info message - [id:10][instance:6] - [COMP-11][file-11.c][function-1][ln:198]
[2020-03-09 11:31:25,965][INFO] any info message - [id:10][instance:4] - [COMP-4][file-3.c][function-13][ln:816]
[2020-03-09 11:31:27,467][INFO] any info message - [id:10][instance:1] - [COMP-8][file-5.c][function-9][ln:537]
[2020-03-09 11:31:28,582][DEBUG] any debug message - [id:10][instance:7] - [COMP-5][file-7.c][function-13][ln:210]
[2020-03-09 11:31:28,966][INFO] any info message - [id:10][instance:5] - [COMP-13][file-13.c][function-6][ln:387]
[2020-03-09 11:31:30,468][INFO] any info message - [id:10][instance:6] - [COMP-1][file-13.c][function-8][ln:183]
[2020-03-09 11:31:31,970][INFO] any info message - [id:10][instance:5] - [COMP-6][file-7.c][function-4][ln:830]
[2020-03-09 11:31:33,471][INFO] any info message - [id:10][instance:5] - [COMP-4][file-9.c][function-11][ln:578]
[2020-03-09 11:31:34,972][INFO] any info message - [id:10][instance:1] - [COMP-10][file-12.c][function-3][ln:359]
[2020-03-09 11:31:36,473][INFO] any info message - [id:10][instance:1] - [COMP-10][file-2.c][function-7][ln:128]
[2020-03-09 11:31:37,974][INFO] any info message - [id:10][instance:4] - [COMP-7][file-6.c][function-12][ln:421]
[2020-03-09 11:31:39,475][INFO] any info message - [id:10][instance:7] - [COMP-11][file-11.c][function-3][ln:756]
[2020-03-09 11:31:40,975][INFO] any info message - [id:10][instance:3] - [COMP-8][file-12.c][function-13][ln:437]
[2020-03-09 11:31:42,475][INFO] any info message - [id:10][instance:2] - [COMP-1][file-10.c][function-10][ln:542]
[2020-03-09 11:31:43,569][WARNING] Here is a warning message - [id:10][instance:6] - [COMP-8][file-9.c][function-8][ln:70]
[2020-03-09 11:31:43,582][DEBUG] any debug message - [id:10][instance:2] - [COMP-2][file-3.c][function-2][ln:293]
[2020-03-09 11:31:43,976][INFO] any info message - [id:10][instance:5] - [COMP-13][file-4.c][function-5][ln:922]
[2020-03-09 11:31:45,477][INFO] any info message - [id:10][instance:2] - [COMP-2][file-1.c][function-11][ln:396]
[2020-03-09 11:31:46,979][INFO] any info message - [id:10][instance:5] - [COMP-11][file-3.c][function-7][ln:128]
[2020-03-09 11:31:48,480][INFO] any info message - [id:10][instance:5] - [COMP-12][file-10.c][function-6][ln:715]
[2020-03-09 11:31:49,980][INFO] any info message - [id:10][instance:6] - [COMP-13][file-11.c][function-9][ln:794]
[2020-03-09 11:31:51,481][INFO] any info message - [id:10][instance:5] - [COMP-4][file-13.c][function-12][ln:563]
[2020-03-09 11:31:52,981][INFO] any info message - [id:10][instance:1] - [COMP-1][file-6.c][function-10][ln:500]
[2020-03-09 11:31:54,483][INFO] any info message - [id:10][instance:7] - [COMP-2][file-8.c][function-13][ln:431]
[2020-03-09 11:31:55,984][INFO] any info message - [id:10][instance:7] - [COMP-1][file-2.c][function-5][ln:234]
[2020-03-09 11:31:57,486][INFO] any info message - [id:10][instance:4] - [COMP-12][file-11.c][function-4][ln:843]
[2020-03-09 11:31:58,583][DEBUG] any debug message - [id:10][instance:5] - [COMP-2][file-9.c][function-11][ln:260]
[2020-03-09 11:31:58,986][INFO] any info message - [id:10][instance:1] - [COMP-4][file-10.c][function-9][ln:9]
[2020-03-09 11:32:00,486][INFO] any info message - [id:10][instance:7] - [COMP-8][file-1.c][function-13][ln:386]
[2020-03-09 11:32:01,988][INFO] any info message - [id:10][instance:2] - [COMP-5][file-1.c][function-12][ln:575]
[2020-03-09 11:32:03,488][INFO] any info message - [id:10][instance:1] - [COMP-9][file-9.c][function-13][ln:681]
[2020-03-09 11:32:04,989][INFO] any info message - [id:10][instance:2] - [COMP-10][file-11.c][function-5][ln:742]
[2020-03-09 11:32:06,490][INFO] any info message - [id:10][instance:6] - [COMP-3][file-9.c][function-9][ln:266]
[2020-03-09 11:32:07,990][INFO] any info message - [id:10][instance:6] - [COMP-7][file-6.c][function-2][ln:323]
[2020-03-09 11:32:09,490][INFO] any info message - [id:10][instance:3] - [COMP-11][file-7.c][function-13][ln:801]
[2020-03-09 11:32:10,990][INFO] any info message - [id:10][instance:2] - [COMP-10][file-9.c][function-9][ln:711]
[2020-03-09 11:32:12,491][INFO] any info message - [id:10][instance:3] - [COMP-7][file-5.c][function-9][ln:241]
[2020-03-09 11:32:13,543][CRITICAL] ATTENTION: This is a critical issue! - [id:10][instance:7] - [COMP-3][file-1.c][function-13][ln:404]
[2020-03-09 11:32:13,550][ERROR] It is an error message - [id:10][instance:1] - [COMP-9][file-8.c][function-13][ln:419]
[2020-03-09 11:32:13,572][WARNING] Here is a warning message - [id:10][instance:3] - [COMP-6][file-5.c][function-1][ln:170]
[2020-03-09 11:32:13,584][DEBUG] any debug message - [id:10][instance:1] - [COMP-9][file-8.c][function-11][ln:249]
[2020-03-09 11:32:13,992][INFO] any info message - [id:10][instance:4] - [COMP-11][file-11.c][function-2][ln:171]
[2020-03-09 11:32:15,492][INFO] any info message - [id:10][instance:7] - [COMP-9][file-7.c][function-7][ln:578]
[2020-03-09 11:32:16,993][INFO] any info message - [id:10][instance:7] - [COMP-4][file-9.c][function-10][ln:679]
[2020-03-09 11:32:18,494][INFO] any info message - [id:10][instance:2] - [COMP-3][file-2.c][function-4][ln:63]
[2020-03-09 11:32:19,994][INFO] any info message - [id:10][instance:6] - [COMP-5][file-3.c][function-3][ln:616]
[2020-03-09 11:32:21,496][INFO] any info message - [id:10][instance:7] - [COMP-4][file-9.c][function-7][ln:620]
[2020-03-09 11:32:22,996][INFO] any info message - [id:10][instance:5] - [COMP-10][file-12.c][function-6][ln:507]
[2020-03-09 11:32:24,497][INFO] any info message - [id:10][instance:7] - [COMP-1][file-12.c][function-13][ln:388]
[2020-03-09 11:32:25,998][INFO] any info message - [id:10][instance:7] - [COMP-9][file-12.c][function-3][ln:74]
[2020-03-09 11:32:27,498][INFO] any info message - [id:10][instance:1] - [COMP-8][file-9.c][function-6][ln:985]
[2020-03-09 11:32:28,585][DEBUG] any debug message - [id:10][instance:5] - [COMP-3][file-12.c][function-12][ln:676]
[2020-03-09 11:32:28,999][INFO] any info message - [id:10][instance:4] - [COMP-11][file-10.c][function-6][ln:30]
[2020-03-09 11:32:30,500][INFO] any info message - [id:10][instance:5] - [COMP-5][file-13.c][function-8][ln:135]
[2020-03-09 11:32:32,000][INFO] any info message - [id:10][instance:6] - [COMP-12][file-13.c][function-11][ln:850]
[2020-03-09 11:32:33,500][INFO] any info message - [id:10][instance:3] - [COMP-8][file-12.c][function-10][ln:923]
[2020-03-09 11:32:35,000][INFO] any info message - [id:10][instance:4] - [COMP-13][file-2.c][function-6][ln:232]
[2020-03-09 11:32:36,501][INFO] any info message - [id:10][instance:2] - [COMP-8][file-9.c][function-12][ln:85]
[2020-03-09 11:32:38,002][INFO] any info message - [id:10][instance:2] - [COMP-1][file-4.c][function-13][ln:946]
[2020-03-09 11:32:39,503][INFO] any info message - [id:10][instance:2] - [COMP-3][file-7.c][function-13][ln:93]
[2020-03-09 11:32:41,004][INFO] any info message - [id:10][instance:5] - [COMP-11][file-7.c][function-10][ln:112]
[2020-03-09 11:32:42,504][INFO] any info message - [id:10][instance:7] - [COMP-11][file-6.c][function-3][ln:332]
[2020-03-09 11:32:43,572][WARNING] Here is a warning message - [id:10][instance:5] - [COMP-11][file-10.c][function-1][ln:455]
[2020-03-09 11:32:43,586][DEBUG] any debug message - [id:10][instance:4] - [COMP-8][file-8.c][function-3][ln:508]
[2020-03-09 11:32:44,005][INFO] any info message - [id:10][instance:1] - [COMP-11][file-3.c][function-7][ln:463]
[2020-03-09 11:32:45,505][INFO] any info message - [id:10][instance:5] - [COMP-6][file-2.c][function-11][ln:871]
[2020-03-09 11:32:47,006][INFO] any info message - [id:10][instance:2] - [COMP-1][file-8.c][function-8][ln:369]
[2020-03-09 11:32:48,506][INFO] any info message - [id:10][instance:1] - [COMP-6][file-9.c][function-13][ln:546]
[2020-03-09 11:32:50,006][INFO] any info message - [id:10][instance:1] - [COMP-7][file-1.c][function-6][ln:198]
[2020-03-09 11:32:51,507][INFO] any info message - [id:10][instance:7] - [COMP-12][file-13.c][function-7][ln:606]
[2020-03-09 11:32:53,007][INFO] any info message - [id:10][instance:4] - [COMP-4][file-1.c][function-11][ln:585]
[2020-03-09 11:32:54,507][INFO] any info message - [id:10][instance:3] - [COMP-12][file-5.c][function-5][ln:156]
[2020-03-09 11:32:56,008][INFO] any info message - [id:10][instance:2] - [COMP-8][file-5.c][function-5][ln:645]
[2020-03-09 11:32:57,509][INFO] any info message - [id:10][instance:2] - [COMP-9][file-6.c][function-7][ln:290]
[2020-03-09 11:32:58,587][DEBUG] any debug message - [id:10][instance:4] - [COMP-7][file-12.c][function-4][ln:942]
[2020-03-09 11:32:59,009][INFO] any info message - [id:10][instance:1] - [COMP-13][file-8.c][function-13][ln:337]
[2020-03-09 11:33:00,510][INFO] any info message - [id:10][instance:5] - [COMP-4][file-1.c][function-13][ln:92]
[2020-03-09 11:33:02,010][INFO] any info message - [id:10][instance:1] - [COMP-11][file-13.c][function-6][ln:530]
[2020-03-09 11:33:03,510][INFO] any info message - [id:10][instance:3] - [COMP-5][file-2.c][function-5][ln:974]
[2020-03-09 11:33:05,011][INFO] any info message - [id:10][instance:1] - [COMP-10][file-12.c][function-8][ln:710]
[2020-03-09 11:33:06,512][INFO] any info message - [id:10][instance:3] - [COMP-8][file-3.c][function-4][ln:554]
[2020-03-09 11:33:08,012][INFO] any info message - [id:10][instance:2] - [COMP-11][file-8.c][function-2][ln:48]
[2020-03-09 11:33:09,512][INFO] any info message - [id:10][instance:2] - [COMP-10][file-3.c][function-6][ln:577]
[2020-03-09 11:33:11,012][INFO] any info message - [id:10][instance:1] - [COMP-2][file-8.c][function-12][ln:212]
[2020-03-09 11:33:12,512][INFO] any info message - [id:10][instance:4] - [COMP-1][file-7.c][function-11][ln:713]
[2020-03-09 11:33:13,550][ERROR] It is an error message - [id:10][instance:1] - [COMP-4][file-11.c][function-13][ln:369]
[2020-03-09 11:33:13,572][WARNING] Here is a warning message - [id:10][instance:6] - [COMP-8][file-13.c][function-4][ln:602]
[2020-03-09 11:33:13,587][DEBUG] any debug message - [id:10][instance:7] - [COMP-3][file-8.c][function-12][ln:30]
[2020-03-09 11:33:14,013][INFO] any info message - [id:10][instance:4] - [COMP-13][file-6.c][function-1][ln:278]
[2020-03-09 11:33:15,513][INFO] any info message - [id:10][instance:3] - [COMP-7][file-3.c][function-8][ln:35]
[2020-03-09 11:33:17,014][INFO] any info message - [id:10][instance:2] - [COMP-11][file-13.c][function-2][ln:569]
[2020-03-09 11:33:18,515][INFO] any info message - [id:10][instance:1] - [COMP-7][file-6.c][function-5][ln:10]
[2020-03-09 11:33:20,015][INFO] any info message - [id:10][instance:6] - [COMP-12][file-1.c][function-13][ln:596]
[2020-03-09 11:33:21,515][INFO] any info message - [id:10][instance:6] - [COMP-4][file-9.c][function-5][ln:569]
[2020-03-09 11:33:23,016][INFO] any info message - [id:10][instance:1] - [COMP-6][file-13.c][function-2][ln:758]
[2020-03-09 11:33:24,517][INFO] any info message - [id:10][instance:3] - [COMP-11][file-6.c][function-9][ln:356]
[2020-03-09 11:33:26,018][INFO] any info message - [id:10][instance:2] - [COMP-12][file-7.c][function-11][ln:644]
[2020-03-09 11:33:27,518][INFO] any info message - [id:10][instance:4] - [COMP-7][file-11.c][function-6][ln:464]
[2020-03-09 11:33:28,587][DEBUG] any debug message - [id:10][instance:2] - [COMP-9][file-12.c][function-6][ln:819]
[2020-03-09 11:33:29,019][INFO] any info message - [id:10][instance:6] - [COMP-5][file-6.c][function-3][ln:313]
[2020-03-09 11:33:30,519][INFO] any info message - [id:10][instance:5] - [COMP-8][file-11.c][function-8][ln:129]
[2020-03-09 11:33:32,020][INFO] any info message - [id:10][instance:5] - [COMP-5][file-4.c][function-10][ln:874]
[2020-03-09 11:33:33,520][INFO] any info message - [id:10][instance:7] - [COMP-12][file-5.c][function-5][ln:546]
[2020-03-09 11:33:35,021][INFO] any info message - [id:10][instance:7] - [COMP-10][file-6.c][function-11][ln:162]
[2020-03-09 11:33:36,521][INFO] any info message - [id:10][instance:7] - [COMP-11][file-12.c][function-4][ln:903]
[2020-03-09 11:33:38,021][INFO] any info message - [id:10][instance:5] - [COMP-1][file-1.c][function-1][ln:719]
[2020-03-09 11:33:39,522][INFO] any info message - [id:10][instance:6] - [COMP-11][file-5.c][function-6][ln:537]
[2020-03-09 11:33:41,022][INFO] any info message - [id:10][instance:1] - [COMP-7][file-7.c][function-9][ln:52]
[2020-03-09 11:33:42,523][INFO] any info message - [id:10][instance:1] - [COMP-7][file-4.c][function-12][ln:880]
[2020-03-09 11:33:43,573][WARNING] Here is a warning message - [id:10][instance:4] - [COMP-12][file-13.c][function-6][ln:23]
[2020-03-09 11:33:43,588][DEBUG] any debug message - [id:10][instance:4] - [COMP-5][file-1.c][function-3][ln:547]
[2020-03-09 11:33:44,023][INFO] any info message - [id:10][instance:6] - [COMP-8][file-4.c][function-7][ln:649]
[2020-03-09 11:33:45,524][INFO] any info message - [id:10][instance:5] - [COMP-7][file-3.c][function-4][ln:756]
[2020-03-09 11:33:47,025][INFO] any info message - [id:10][instance:5] - [COMP-8][file-7.c][function-7][ln:638]
[2020-03-09 11:33:48,526][INFO] any info message - [id:10][instance:3] - [COMP-8][file-12.c][function-1][ln:91]
[2020-03-09 11:33:50,026][INFO] any info message - [id:10][instance:5] - [COMP-8][file-3.c][function-4][ln:945]
[2020-03-09 11:33:51,526][INFO] any info message - [id:10][instance:6] - [COMP-13][file-8.c][function-2][ln:139]
[2020-03-09 11:33:53,027][INFO] any info message - [id:10][instance:3] - [COMP-2][file-9.c][function-13][ln:427]
[2020-03-09 11:33:54,528][INFO] any info message - [id:10][instance:3] - [COMP-13][file-3.c][function-5][ln:244]
[2020-03-09 11:33:56,029][INFO] any info message - [id:10][instance:5] - [COMP-6][file-1.c][function-4][ln:304]
[2020-03-09 11:33:57,530][INFO] any info message - [id:10][instance:5] - [COMP-3][file-6.c][function-8][ln:443]
[2020-03-09 11:33:58,588][DEBUG] any debug message - [id:10][instance:1] - [COMP-6][file-7.c][function-1][ln:768]
[2020-03-09 11:33:59,031][INFO] any info message - [id:10][instance:7] - [COMP-2][file-7.c][function-7][ln:11]
[2020-03-09 11:34:00,532][INFO] any info message - [id:10][instance:2] - [COMP-13][file-6.c][function-6][ln:81]
[2020-03-09 11:34:02,032][INFO] any info message - [id:10][instance:3] - [COMP-7][file-3.c][function-4][ln:586]
[2020-03-09 11:34:03,532][INFO] any info message - [id:10][instance:7] - [COMP-8][file-12.c][function-13][ln:556]
[2020-03-09 11:34:05,033][INFO] any info message - [id:10][instance:2] - [COMP-10][file-4.c][function-5][ln:571]
[2020-03-09 11:34:06,533][INFO] any info message - [id:10][instance:6] - [COMP-4][file-3.c][function-4][ln:222]
[2020-03-09 11:34:08,035][INFO] any info message - [id:10][instance:7] - [COMP-11][file-4.c][function-13][ln:211]
[2020-03-09 11:34:09,536][INFO] any info message - [id:10][instance:1] - [COMP-11][file-1.c][function-9][ln:897]
[2020-03-09 11:34:11,036][INFO] any info message - [id:10][instance:6] - [COMP-9][file-3.c][function-2][ln:401]
[2020-03-09 11:34:12,537][INFO] any info message - [id:10][instance:2] - [COMP-4][file-4.c][function-5][ln:627]
[2020-03-09 11:34:13,543][CRITICAL] ATTENTION: This is a critical issue! - [id:10][instance:5] - [COMP-2][file-11.c][function-7][ln:96]
[2020-03-09 11:34:13,550][ERROR] It is an error message - [id:10][instance:4] - [COMP-4][file-2.c][function-3][ln:861]
[2020-03-09 11:34:13,573][WARNING] Here is a warning message - [id:10][instance:6] - [COMP-11][file-5.c][function-13][ln:151]
[2020-03-09 11:34:13,589][DEBUG] any debug message - [id:10][instance:5] - [COMP-10][file-9.c][function-7][ln:746]
[2020-03-09 11:34:14,038][INFO] any info message - [id:10][instance:5] - [COMP-12][file-13.c][function-3][ln:243]
[2020-03-09 11:34:15,540][INFO] any info message - [id:10][instance:1] - [COMP-10][file-12.c][function-3][ln:838]
[2020-03-09 11:34:17,040][INFO] any info message - [id:10][instance:4] - [COMP-3][file-10.c][function-6][ln:407]
[2020-03-09 11:34:18,541][INFO] any info message - [id:10][instance:5] - [COMP-9][file-1.c][function-9][ln:644]
[2020-03-09 11:34:20,042][INFO] any info message - [id:10][instance:5] - [COMP-10][file-5.c][function-12][ln:564]
[2020-03-09 11:34:21,542][INFO] any info message - [id:10][instance:6] - [COMP-7][file-5.c][function-10][ln:303]
[2020-03-09 11:34:23,043][INFO] any info message - [id:10][instance:5] - [COMP-11][file-1.c][function-5][ln:161]
[2020-03-09 11:34:24,544][INFO] any info message - [id:10][instance:7] - [COMP-5][file-11.c][function-5][ln:126]
[2020-03-09 11:34:26,044][INFO] any info message - [id:10][instance:5] - [COMP-12][file-12.c][function-9][ln:847]
[2020-03-09 11:34:27,544][INFO] any info message - [id:10][instance:6] - [COMP-2][file-13.c][function-4][ln:709]
[2020-03-09 11:34:28,589][DEBUG] any debug message - [id:10][instance:5] - [COMP-13][file-11.c][function-5][ln:763]
[2020-03-09 11:34:29,045][INFO] any info message - [id:10][instance:2] - [COMP-7][file-3.c][function-3][ln:484]
[2020-03-09 11:34:30,546][INFO] any info message - [id:10][instance:1] - [COMP-6][file-10.c][function-1][ln:179]
[2020-03-09 11:34:32,047][INFO] any info message - [id:10][instance:4] - [COMP-7][file-4.c][function-7][ln:240]
[2020-03-09 11:34:33,548][INFO] any info message - [id:10][instance:4] - [COMP-2][file-2.c][function-1][ln:339]
[2020-03-09 11:34:35,048][INFO] any info message - [id:10][instance:1] - [COMP-7][file-6.c][function-10][ln:880]
[2020-03-09 11:34:36,549][INFO] any info message - [id:10][instance:2] - [COMP-2][file-6.c][function-13][ln:466]
[2020-03-09 11:34:38,050][INFO] any info message - [id:10][instance:6] - [COMP-12][file-2.c][function-7][ln:376]
[2020-03-09 11:34:39,552][INFO] any info message - [id:10][instance:3] - [COMP-7][file-12.c][function-10][ln:616]
[2020-03-09 11:34:41,053][INFO] any info message - [id:10][instance:1] - [COMP-7][file-5.c][function-1][ln:636]
[2020-03-09 11:34:42,555][INFO] any info message - [id:10][instance:2] - [COMP-1][file-8.c][function-12][ln:377]
[2020-03-09 11:34:43,574][WARNING] Here is a warning message - [id:10][instance:6] - [COMP-8][file-4.c][function-10][ln:205]
[2020-03-09 11:34:43,590][DEBUG] any debug message - [id:10][instance:5] - [COMP-11][file-3.c][function-7][ln:423]
[2020-03-09 11:34:44,055][INFO] any info message - [id:10][instance:3] - [COMP-12][file-10.c][function-3][ln:516]
[2020-03-09 11:34:45,555][INFO] any info message - [id:10][instance:1] - [COMP-11][file-9.c][function-12][ln:684]
[2020-03-09 11:34:47,056][INFO] any info message - [id:10][instance:2] - [COMP-4][file-13.c][function-5][ln:958]
[2020-03-09 11:34:48,556][INFO] any info message - [id:10][instance:2] - [COMP-5][file-7.c][function-2][ln:891]
[2020-03-09 11:34:50,056][INFO] any info message - [id:10][instance:7] - [COMP-5][file-2.c][function-3][ln:136]
[2020-03-09 11:34:51,557][INFO] any info message - [id:10][instance:7] - [COMP-9][file-8.c][function-3][ln:480]
[2020-03-09 11:34:53,057][INFO] any info message - [id:10][instance:2] - [COMP-5][file-5.c][function-13][ln:518]
[2020-03-09 11:34:54,558][INFO] any info message - [id:10][instance:7] - [COMP-10][file-13.c][function-12][ln:421]
[2020-03-09 11:34:56,059][INFO] any info message - [id:10][instance:5] - [COMP-13][file-12.c][function-5][ln:925]
[2020-03-09 11:34:57,559][INFO] any info message - [id:10][instance:4] - [COMP-8][file-10.c][function-10][ln:862]
[2020-03-09 11:34:58,590][DEBUG] any debug message - [id:10][instance:5] - [COMP-4][file-11.c][function-13][ln:128]
[2020-03-09 11:34:59,059][INFO] any info message - [id:10][instance:5] - [COMP-8][file-7.c][function-3][ln:601]
[2020-03-09 11:35:00,560][INFO] any info message - [id:10][instance:5] - [COMP-8][file-11.c][function-1][ln:265]
[2020-03-09 11:35:02,063][INFO] any info message - [id:10][instance:7] - [COMP-3][file-1.c][function-4][ln:634]
[2020-03-09 11:35:03,564][INFO] any info message - [id:10][instance:5] - [COMP-11][file-6.c][function-9][ln:251]
[2020-03-09 11:35:05,065][INFO] any info message - [id:10][instance:6] - [COMP-13][file-12.c][function-9][ln:542]
[2020-03-09 11:35:06,566][INFO] any info message - [id:10][instance:6] - [COMP-11][file-2.c][function-10][ln:472]
[2020-03-09 11:35:08,065][INFO] any info message - [id:10][instance:6] - [COMP-2][file-3.c][function-2][ln:75]
[2020-03-09 11:35:09,568][INFO] any info message - [id:10][instance:5] - [COMP-3][file-5.c][function-5][ln:989]
[2020-03-09 11:35:11,068][INFO] any info message - [id:10][instance:1] - [COMP-5][file-9.c][function-9][ln:272]
[2020-03-09 11:35:12,569][INFO] any info message - [id:10][instance:4] - [COMP-10][file-12.c][function-13][ln:537]
[2020-03-09 11:35:13,551][ERROR] It is an error message - [id:10][instance:1] - [COMP-8][file-5.c][function-13][ln:32]
[2020-03-09 11:35:13,574][WARNING] Here is a warning message - [id:10][instance:1] - [COMP-11][file-13.c][function-8][ln:960]
[2020-03-09 11:35:13,590][DEBUG] any debug message - [id:10][instance:3] - [COMP-8][file-5.c][function-6][ln:516]
[2020-03-09 11:35:14,070][INFO] any info message - [id:10][instance:5] - [COMP-4][file-4.c][function-10][ln:308]
[2020-03-09 11:35:15,571][INFO] any info message - [id:10][instance:5] - [COMP-3][file-9.c][function-13][ln:433]
[2020-03-09 11:35:17,071][INFO] any info message - [id:10][instance:2] - [COMP-6][file-2.c][function-2][ln:971]
[2020-03-09 11:35:18,573][INFO] any info message - [id:10][instance:4] - [COMP-4][file-7.c][function-10][ln:352]
[2020-03-09 11:35:20,074][INFO] any info message - [id:10][instance:5] - [COMP-13][file-3.c][function-6][ln:372]
[2020-03-09 11:35:21,574][INFO] any info message - [id:10][instance:5] - [COMP-10][file-1.c][function-2][ln:390]
[2020-03-09 11:35:23,075][INFO] any info message - [id:10][instance:7] - [COMP-6][file-1.c][function-5][ln:903]
[2020-03-09 11:35:24,575][INFO] any info message - [id:10][instance:4] - [COMP-2][file-4.c][function-12][ln:821]
[2020-03-09 11:35:26,075][INFO] any info message - [id:10][instance:7] - [COMP-8][file-7.c][function-2][ln:339]
[2020-03-09 11:35:27,577][INFO] any info message - [id:10][instance:7] - [COMP-6][file-8.c][function-12][ln:624]
[2020-03-09 11:35:28,592][DEBUG] any debug message - [id:10][instance:1] - [COMP-1][file-13.c][function-2][ln:170]
[2020-03-09 11:35:29,077][INFO] any info message - [id:10][instance:4] - [COMP-11][file-10.c][function-10][ln:106]
[2020-03-09 11:35:30,579][INFO] any info message - [id:10][instance:7] - [COMP-3][file-4.c][function-8][ln:994]
[2020-03-09 11:35:32,079][INFO] any info message - [id:10][instance:1] - [COMP-9][file-12.c][function-10][ln:851]
[2020-03-09 11:35:33,580][INFO] any info message - [id:10][instance:1] - [COMP-9][file-4.c][function-9][ln:675]
[2020-03-09 11:35:35,082][INFO] any info message - [id:10][instance:6] - [COMP-10][file-6.c][function-8][ln:647]
[2020-03-09 11:35:36,584][INFO] any info message - [id:10][instance:5] - [COMP-10][file-6.c][function-8][ln:823]
[2020-03-09 11:35:38,085][INFO] any info message - [id:10][instance:5] - [COMP-1][file-13.c][function-12][ln:568]
[2020-03-09 11:35:39,587][INFO] any info message - [id:10][instance:7] - [COMP-9][file-3.c][function-2][ln:878]
[2020-03-09 11:35:41,088][INFO] any info message - [id:10][instance:3] - [COMP-2][file-8.c][function-5][ln:652]
[2020-03-09 11:35:42,589][INFO] any info message - [id:10][instance:2] - [COMP-11][file-11.c][function-12][ln:25]
[2020-03-09 11:35:43,575][WARNING] Here is a warning message - [id:10][instance:2] - [COMP-2][file-8.c][function-10][ln:223]
[2020-03-09 11:35:43,593][DEBUG] any debug message - [id:10][instance:3] - [COMP-4][file-4.c][function-6][ln:574]
[2020-03-09 11:35:44,090][INFO] any info message - [id:10][instance:3] - [COMP-8][file-1.c][function-12][ln:468]
[2020-03-09 11:35:45,591][INFO] any info message - [id:10][instance:4] - [COMP-12][file-9.c][function-2][ln:21]
[2020-03-09 11:35:47,092][INFO] any info message - [id:10][instance:6] - [COMP-10][file-5.c][function-6][ln:902]
[2020-03-09 11:35:48,592][INFO] any info message - [id:10][instance:5] - [COMP-11][file-9.c][function-8][ln:236]
[2020-03-09 11:35:50,093][INFO] any info message - [id:10][instance:1] - [COMP-3][file-13.c][function-9][ln:410]
[2020-03-09 11:35:51,593][INFO] any info message - [id:10][instance:2] - [COMP-5][file-1.c][function-12][ln:912]
[2020-03-09 11:35:53,094][INFO] any info message - [id:10][instance:2] - [COMP-2][file-4.c][function-5][ln:406]
[2020-03-09 11:35:54,596][INFO] any info message - [id:10][instance:2] - [COMP-4][file-2.c][function-11][ln:913]
[2020-03-09 11:35:56,096][INFO] any info message - [id:10][instance:2] - [COMP-2][file-8.c][function-12][ln:92]
[2020-03-09 11:35:57,597][INFO] any info message - [id:10][instance:5] - [COMP-5][file-8.c][function-3][ln:318]
[2020-03-09 11:35:58,594][DEBUG] any debug message - [id:10][instance:2] - [COMP-10][file-2.c][function-9][ln:305]
[2020-03-09 11:35:59,097][INFO] any info message - [id:10][instance:5] - [COMP-4][file-7.c][function-7][ln:141]
[2020-03-09 11:36:00,597][INFO] any info message - [id:10][instance:6] - [COMP-10][file-5.c][function-9][ln:755]
[2020-03-09 11:36:02,099][INFO] any info message - [id:10][instance:1] - [COMP-2][file-1.c][function-3][ln:30]
[2020-03-09 11:36:03,599][INFO] any info message - [id:10][instance:7] - [COMP-3][file-6.c][function-6][ln:356]
[2020-03-09 11:36:05,099][INFO] any info message - [id:10][instance:3] - [COMP-6][file-11.c][function-7][ln:596]
[2020-03-09 11:36:06,601][INFO] any info message - [id:10][instance:7] - [COMP-11][file-12.c][function-12][ln:696]
[2020-03-09 11:36:08,102][INFO] any info message - [id:10][instance:2] - [COMP-7][file-13.c][function-11][ln:423]
[2020-03-09 11:36:09,603][INFO] any info message - [id:10][instance:3] - [COMP-4][file-12.c][function-9][ln:349]
[2020-03-09 11:36:11,104][INFO] any info message - [id:10][instance:2] - [COMP-10][file-5.c][function-10][ln:515]
[2020-03-09 11:36:12,604][INFO] any info message - [id:10][instance:7] - [COMP-3][file-1.c][function-9][ln:948]
[2020-03-09 11:36:13,544][CRITICAL] ATTENTION: This is a critical issue! - [id:10][instance:1] - [COMP-10][file-3.c][function-3][ln:856]
[2020-03-09 11:36:13,552][ERROR] It is an error message - [id:10][instance:4] - [COMP-2][file-13.c][function-3][ln:236]
[2020-03-09 11:36:13,576][WARNING] Here is a warning message - [id:10][instance:5] - [COMP-4][file-8.c][function-12][ln:289]
[2020-03-09 11:36:13,595][DEBUG] any debug message - [id:10][instance:2] - [COMP-12][file-3.c][function-10][ln:436]
[2020-03-09 11:36:14,105][INFO] any info message - [id:10][instance:7] - [COMP-8][file-6.c][function-3][ln:259]
[2020-03-09 11:36:15,606][INFO] any info message - [id:10][instance:6] - [COMP-5][file-13.c][function-8][ln:408]
[2020-03-09 11:36:17,108][INFO] any info message - [id:10][instance:1] - [COMP-10][file-5.c][function-1][ln:142]
[2020-03-09 11:36:18,610][INFO] any info message - [id:10][instance:7] - [COMP-9][file-8.c][function-1][ln:929]
[2020-03-09 11:36:20,110][INFO] any info message - [id:10][instance:1] - [COMP-9][file-9.c][function-2][ln:269]
[2020-03-09 11:36:21,611][INFO] any info message - [id:10][instance:4] - [COMP-7][file-4.c][function-11][ln:384]
[2020-03-09 11:36:23,113][INFO] any info message - [id:10][instance:4] - [COMP-13][file-12.c][function-13][ln:870]
[2020-03-09 11:36:24,614][INFO] any info message - [id:10][instance:2] - [COMP-11][file-7.c][function-6][ln:912]
[2020-03-09 11:36:26,114][INFO] any info message - [id:10][instance:3] - [COMP-7][file-1.c][function-11][ln:213]
[2020-03-09 11:36:27,614][INFO] any info message - [id:10][instance:2] - [COMP-11][file-12.c][function-13][ln:652]
[2020-03-09 11:36:28,597][DEBUG] any debug message - [id:10][instance:3] - [COMP-9][file-10.c][function-7][ln:205]
[2020-03-09 11:36:29,115][INFO] any info message - [id:10][instance:3] - [COMP-11][file-7.c][function-9][ln:881]
[2020-03-09 11:36:30,615][INFO] any info message - [id:10][instance:1] - [COMP-10][file-10.c][function-7][ln:93]
[2020-03-09 11:36:32,115][INFO] any info message - [id:10][instance:2] - [COMP-7][file-4.c][function-11][ln:629]
[2020-03-09 11:36:33,616][INFO] any info message - [id:10][instance:1] - [COMP-6][file-7.c][function-8][ln:541]
[2020-03-09 11:36:35,118][INFO] any info message - [id:10][instance:7] - [COMP-9][file-4.c][function-6][ln:176]
[2020-03-09 11:36:36,618][INFO] any info message - [id:10][instance:1] - [COMP-1][file-10.c][function-2][ln:819]
[2020-03-09 11:36:38,120][INFO] any info message - [id:10][instance:2] - [COMP-7][file-3.c][function-2][ln:907]
[2020-03-09 11:36:39,621][INFO] any info message - [id:10][instance:1] - [COMP-7][file-11.c][function-13][ln:614]
[2020-03-09 11:36:41,122][INFO] any info message - [id:10][instance:3] - [COMP-8][file-13.c][function-3][ln:71]
[2020-03-09 11:36:42,623][INFO] any info message - [id:10][instance:1] - [COMP-1][file-12.c][function-12][ln:945]
[2020-03-09 11:36:43,576][WARNING] Here is a warning message - [id:10][instance:3] - [COMP-6][file-11.c][function-6][ln:734]
[2020-03-09 11:36:43,596][DEBUG] any debug message - [id:10][instance:4] - [COMP-3][file-8.c][function-5][ln:261]
[2020-03-09 11:36:44,124][INFO] any info message - [id:10][instance:7] - [COMP-1][file-13.c][function-2][ln:61]
[2020-03-09 11:36:45,626][INFO] any info message - [id:10][instance:7] - [COMP-5][file-11.c][function-9][ln:694]
[2020-03-09 11:36:47,126][INFO] any info message - [id:10][instance:7] - [COMP-4][file-8.c][function-7][ln:47]
[2020-03-09 11:36:48,626][INFO] any info message - [id:10][instance:5] - [COMP-7][file-6.c][function-13][ln:104]
[2020-03-09 11:36:50,127][INFO] any info message - [id:10][instance:5] - [COMP-11][file-7.c][function-5][ln:69]
[2020-03-09 11:36:51,628][INFO] any info message - [id:10][instance:6] - [COMP-13][file-10.c][function-9][ln:734]
[2020-03-09 11:36:53,128][INFO] any info message - [id:10][instance:5] - [COMP-2][file-11.c][function-9][ln:538]
[2020-03-09 11:36:54,628][INFO] any info message - [id:10][instance:5] - [COMP-9][file-5.c][function-7][ln:106]
[2020-03-09 11:36:56,129][INFO] any info message - [id:10][instance:5] - [COMP-6][file-6.c][function-9][ln:757]
[2020-03-09 11:36:57,630][INFO] any info message - [id:10][instance:6] - [COMP-2][file-9.c][function-2][ln:591]
[2020-03-09 11:36:58,597][DEBUG] any debug message - [id:10][instance:7] - [COMP-5][file-9.c][function-8][ln:55]
[2020-03-09 11:36:59,132][INFO] any info message - [id:10][instance:4] - [COMP-8][file-7.c][function-12][ln:726]
[2020-03-09 11:37:00,633][INFO] any info message - [id:10][instance:6] - [COMP-11][file-11.c][function-2][ln:741]
[2020-03-09 11:37:02,133][INFO] any info message - [id:10][instance:5] - [COMP-10][file-8.c][function-4][ln:686]
[2020-03-09 11:37:03,634][INFO] any info message - [id:10][instance:5] - [COMP-12][file-11.c][function-9][ln:500]
[2020-03-09 11:37:05,134][INFO] any info message - [id:10][instance:7] - [COMP-2][file-7.c][function-9][ln:839]
[2020-03-09 11:37:06,634][INFO] any info message - [id:10][instance:2] - [COMP-6][file-6.c][function-13][ln:293]
[2020-03-09 11:37:08,135][INFO] any info message - [id:10][instance:7] - [COMP-10][file-13.c][function-13][ln:15]
[2020-03-09 11:37:09,636][INFO] any info message - [id:10][instance:5] - [COMP-5][file-6.c][function-13][ln:782]
[2020-03-09 11:37:11,137][INFO] any info message - [id:10][instance:7] - [COMP-11][file-3.c][function-5][ln:878]
[2020-03-09 11:37:12,638][INFO] any info message - [id:10][instance:4] - [COMP-8][file-10.c][function-1][ln:494]
[2020-03-09 11:37:13,553][ERROR] It is an error message - [id:10][instance:2] - [COMP-13][file-5.c][function-10][ln:230]
[2020-03-09 11:37:13,577][WARNING] Here is a warning message - [id:10][instance:1] - [COMP-4][file-6.c][function-5][ln:665]
[2020-03-09 11:37:13,597][DEBUG] any debug message - [id:10][instance:2] - [COMP-5][file-8.c][function-9][ln:923]
[2020-03-09 11:37:14,137][INFO] any info message - [id:10][instance:1] - [COMP-1][file-12.c][function-6][ln:124]
[2020-03-09 11:37:15,638][INFO] any info message - [id:10][instance:2] - [COMP-13][file-2.c][function-3][ln:228]
[2020-03-09 11:37:17,138][INFO] any info message - [id:10][instance:5] - [COMP-5][file-2.c][function-11][ln:199]
[2020-03-09 11:37:18,640][INFO] any info message - [id:10][instance:3] - [COMP-1][file-3.c][function-7][ln:168]
[2020-03-09 11:37:20,141][INFO] any info message - [id:10][instance:6] - [COMP-4][file-9.c][function-4][ln:432]
[2020-03-09 11:37:21,641][INFO] any info message - [id:10][instance:5] - [COMP-1][file-11.c][function-2][ln:272]
[2020-03-09 11:37:23,142][INFO] any info message - [id:10][instance:7] - [COMP-2][file-12.c][function-1][ln:687]
[2020-03-09 11:37:24,643][INFO] any info message - [id:10][instance:2] - [COMP-10][file-4.c][function-1][ln:66]
[2020-03-09 11:37:26,145][INFO] any info message - [id:10][instance:6] - [COMP-5][file-10.c][function-5][ln:127]
[2020-03-09 11:37:27,645][INFO] any info message - [id:10][instance:7] - [COMP-3][file-9.c][function-10][ln:960]
[2020-03-09 11:37:28,598][DEBUG] any debug message - [id:10][instance:5] - [COMP-2][file-13.c][function-8][ln:398]
[2020-03-09 11:37:29,146][INFO] any info message - [id:10][instance:5] - [COMP-4][file-10.c][function-3][ln:729]
[2020-03-09 11:37:30,646][INFO] any info message - [id:10][instance:2] - [COMP-5][file-7.c][function-7][ln:466]
[2020-03-09 11:37:32,147][INFO] any info message - [id:10][instance:6] - [COMP-2][file-1.c][function-10][ln:945]
[2020-03-09 11:37:33,648][INFO] any info message - [id:10][instance:4] - [COMP-7][file-2.c][function-5][ln:894]
[2020-03-09 11:37:35,149][INFO] any info message - [id:10][instance:2] - [COMP-12][file-2.c][function-1][ln:394]
[2020-03-09 11:37:36,649][INFO] any info message - [id:10][instance:7] - [COMP-10][file-3.c][function-1][ln:379]
[2020-03-09 11:37:38,150][INFO] any info message - [id:10][instance:5] - [COMP-11][file-9.c][function-11][ln:529]
[2020-03-09 11:37:39,650][INFO] any info message - [id:10][instance:4] - [COMP-5][file-2.c][function-5][ln:876]
[2020-03-09 11:37:41,150][INFO] any info message - [id:10][instance:2] - [COMP-7][file-4.c][function-9][ln:5]
[2020-03-09 11:37:42,650][INFO] any info message - [id:10][instance:7] - [COMP-4][file-11.c][function-2][ln:531]
[2020-03-09 11:37:43,578][WARNING] Here is a warning message - [id:10][instance:4] - [COMP-12][file-1.c][function-2][ln:673]
[2020-03-09 11:37:43,599][DEBUG] any debug message - [id:10][instance:7] - [COMP-9][file-11.c][function-13][ln:322]
[2020-03-09 11:37:44,151][INFO] any info message - [id:10][instance:4] - [COMP-11][file-3.c][function-10][ln:993]
[2020-03-09 11:37:45,651][INFO] any info message - [id:10][instance:5] - [COMP-3][file-1.c][function-13][ln:699]
[2020-03-09 11:37:47,151][INFO] any info message - [id:10][instance:7] - [COMP-12][file-8.c][function-9][ln:700]
[2020-03-09 11:37:48,652][INFO] any info message - [id:10][instance:4] - [COMP-9][file-12.c][function-3][ln:82]
[2020-03-09 11:37:50,153][INFO] any info message - [id:10][instance:2] - [COMP-3][file-12.c][function-4][ln:67]
[2020-03-09 11:37:51,654][INFO] any info message - [id:10][instance:1] - [COMP-1][file-3.c][function-3][ln:970]
[2020-03-09 11:37:53,154][INFO] any info message - [id:10][instance:5] - [COMP-1][file-10.c][function-10][ln:447]
[2020-03-09 11:37:54,656][INFO] any info message - [id:10][instance:6] - [COMP-6][file-6.c][function-2][ln:486]
[2020-03-09 11:37:56,157][INFO] any info message - [id:10][instance:4] - [COMP-11][file-9.c][function-10][ln:332]
[2020-03-09 11:37:57,657][INFO] any info message - [id:10][instance:3] - [COMP-3][file-9.c][function-9][ln:832]
[2020-03-09 11:37:58,600][DEBUG] any debug message - [id:10][instance:4] - [COMP-7][file-3.c][function-10][ln:744]
[2020-03-09 11:37:59,159][INFO] any info message - [id:10][instance:6] - [COMP-5][file-7.c][function-4][ln:861]
[2020-03-09 11:38:00,658][INFO] any info message - [id:10][instance:1] - [COMP-6][file-1.c][function-10][ln:765]
[2020-03-09 11:38:02,159][INFO] any info message - [id:10][instance:7] - [COMP-1][file-3.c][function-8][ln:732]
[2020-03-09 11:38:03,660][INFO] any info message - [id:10][instance:4] - [COMP-11][file-13.c][function-3][ln:717]
[2020-03-09 11:38:05,161][INFO] any info message - [id:10][instance:1] - [COMP-6][file-2.c][function-2][ln:562]
[2020-03-09 11:38:06,662][INFO] any info message - [id:10][instance:3] - [COMP-7][file-1.c][function-9][ln:915]
[2020-03-09 11:38:08,164][INFO] any info message - [id:10][instance:1] - [COMP-4][file-8.c][function-12][ln:412]
[2020-03-09 11:38:09,666][INFO] any info message - [id:10][instance:5] - [COMP-8][file-9.c][function-12][ln:267]
[2020-03-09 11:38:11,167][INFO] any info message - [id:10][instance:3] - [COMP-1][file-1.c][function-3][ln:979]
[2020-03-09 11:38:12,667][INFO] any info message - [id:10][instance:4] - [COMP-6][file-11.c][function-8][ln:35]
[2020-03-09 11:38:13,545][CRITICAL] ATTENTION: This is a critical issue! - [id:10][instance:6] - [COMP-13][file-3.c][function-1][ln:16]
[2020-03-09 11:38:13,554][ERROR] It is an error message - [id:10][instance:2] - [COMP-12][file-11.c][function-13][ln:463]
[2020-03-09 11:38:13,579][WARNING] Here is a warning message - [id:10][instance:1] - [COMP-4][file-11.c][function-9][ln:758]
[2020-03-09 11:38:13,601][DEBUG] any debug message - [id:10][instance:6] - [COMP-6][file-1.c][function-5][ln:202]
[2020-03-09 11:38:14,169][INFO] any info message - [id:10][instance:6] - [COMP-8][file-8.c][function-1][ln:329]
[2020-03-09 11:38:15,670][INFO] any info message - [id:10][instance:6] - [COMP-8][file-1.c][function-12][ln:263]
[2020-03-09 11:38:17,170][INFO] any info message - [id:10][instance:5] - [COMP-11][file-1.c][function-3][ln:939]
[2020-03-09 11:38:18,672][INFO] any info message - [id:10][instance:4] - [COMP-5][file-5.c][function-7][ln:125]
[2020-03-09 11:38:20,174][INFO] any info message - [id:10][instance:1] - [COMP-10][file-5.c][function-10][ln:260]
[2020-03-09 11:38:21,674][INFO] any info message - [id:10][instance:4] - [COMP-1][file-9.c][function-13][ln:289]
[2020-03-09 11:38:23,175][INFO] any info message - [id:10][instance:7] - [COMP-3][file-8.c][function-8][ln:929]
[2020-03-09 11:38:24,676][INFO] any info message - [id:10][instance:2] - [COMP-10][file-9.c][function-10][ln:166]
[2020-03-09 11:38:26,177][INFO] any info message - [id:10][instance:6] - [COMP-8][file-6.c][function-1][ln:542]
[2020-03-09 11:38:27,679][INFO] any info message - [id:10][instance:1] - [COMP-6][file-9.c][function-7][ln:75]
[2020-03-09 11:38:28,602][DEBUG] any debug message - [id:10][instance:1] - [COMP-8][file-6.c][function-1][ln:656]
[2020-03-09 11:38:29,179][INFO] any info message - [id:10][instance:7] - [COMP-13][file-7.c][function-3][ln:141]
[2020-03-09 11:38:30,680][INFO] any info message - [id:10][instance:5] - [COMP-4][file-3.c][function-7][ln:470]
[2020-03-09 11:38:32,180][INFO] any info message - [id:10][instance:1] - [COMP-4][file-11.c][function-9][ln:551]
[2020-03-09 11:38:33,681][INFO] any info message - [id:10][instance:6] - [COMP-1][file-3.c][function-12][ln:859]
[2020-03-09 11:38:35,182][INFO] any info message - [id:10][instance:3] - [COMP-2][file-13.c][function-4][ln:312]
[2020-03-09 11:38:36,681][INFO] any info message - [id:10][instance:4] - [COMP-5][file-12.c][function-7][ln:561]
[2020-03-09 11:38:38,182][INFO] any info message - [id:10][instance:7] - [COMP-12][file-11.c][function-2][ln:517]
[2020-03-09 11:38:39,683][INFO] any info message - [id:10][instance:5] - [COMP-6][file-6.c][function-3][ln:996]
[2020-03-09 11:38:41,184][INFO] any info message - [id:10][instance:1] - [COMP-6][file-8.c][function-8][ln:210]
[2020-03-09 11:38:42,686][INFO] any info message - [id:10][instance:5] - [COMP-3][file-9.c][function-3][ln:714]
[2020-03-09 11:38:43,580][WARNING] Here is a warning message - [id:10][instance:3] - [COMP-2][file-3.c][function-6][ln:259]
[2020-03-09 11:38:43,603][DEBUG] any debug message - [id:10][instance:3] - [COMP-3][file-11.c][function-10][ln:76]
[2020-03-09 11:38:44,187][INFO] any info message - [id:10][instance:6] - [COMP-12][file-7.c][function-13][ln:892]
[2020-03-09 11:38:45,689][INFO] any info message - [id:10][instance:1] - [COMP-11][file-13.c][function-4][ln:990]
[2020-03-09 11:38:47,190][INFO] any info message - [id:10][instance:1] - [COMP-12][file-4.c][function-12][ln:300]
[2020-03-09 11:38:48,691][INFO] any info message - [id:10][instance:4] - [COMP-4][file-11.c][function-11][ln:857]
[2020-03-09 11:38:50,192][INFO] any info message - [id:10][instance:7] - [COMP-6][file-3.c][function-7][ln:239]
[2020-03-09 11:38:51,693][INFO] any info message - [id:10][instance:6] - [COMP-7][file-3.c][function-3][ln:393]
[2020-03-09 11:38:53,194][INFO] any info message - [id:10][instance:3] - [COMP-3][file-7.c][function-5][ln:190]
[2020-03-09 11:38:54,695][INFO] any info message - [id:10][instance:4] - [COMP-2][file-9.c][function-9][ln:163]
[2020-03-09 11:38:56,195][INFO] any info message - [id:10][instance:4] - [COMP-4][file-4.c][function-3][ln:481]
[2020-03-09 11:38:57,697][INFO] any info message - [id:10][instance:4] - [COMP-5][file-10.c][function-2][ln:434]
[2020-03-09 11:38:58,605][DEBUG] any debug message - [id:10][instance:3] - [COMP-12][file-5.c][function-4][ln:992]
[2020-03-09 11:38:59,198][INFO] any info message - [id:10][instance:3] - [COMP-9][file-2.c][function-2][ln:272]
[2020-03-09 11:39:00,697][INFO] any info message - [id:10][instance:7] - [COMP-12][file-9.c][function-8][ln:744]
[2020-03-09 11:39:02,199][INFO] any info message - [id:10][instance:7] - [COMP-4][file-2.c][function-5][ln:832]
[2020-03-09 11:39:03,700][INFO] any info message - [id:10][instance:4] - [COMP-3][file-8.c][function-8][ln:275]
[2020-03-09 11:39:05,201][INFO] any info message - [id:10][instance:7] - [COMP-4][file-13.c][function-13][ln:784]
[2020-03-09 11:39:06,702][INFO] any info message - [id:10][instance:7] - [COMP-1][file-5.c][function-6][ln:497]
[2020-03-09 11:39:08,202][INFO] any info message - [id:10][instance:4] - [COMP-3][file-10.c][function-4][ln:7]
[2020-03-09 11:39:09,702][INFO] any info message - [id:10][instance:4] - [COMP-5][file-12.c][function-1][ln:307]
[2020-03-09 11:39:11,203][INFO] any info message - [id:10][instance:2] - [COMP-6][file-6.c][function-13][ln:627]
[2020-03-09 11:39:12,704][INFO] any info message - [id:10][instance:2] - [COMP-1][file-13.c][function-11][ln:824]
[2020-03-09 11:39:13,555][ERROR] It is an error message - [id:10][instance:4] - [COMP-5][file-11.c][function-12][ln:74]
[2020-03-09 11:39:13,582][WARNING] Here is a warning message - [id:10][instance:1] - [COMP-3][file-3.c][function-4][ln:531]
[2020-03-09 11:39:13,606][DEBUG] any debug message - [id:10][instance:2] - [COMP-9][file-2.c][function-12][ln:912]
[2020-03-09 11:39:14,204][INFO] any info message - [id:10][instance:2] - [COMP-6][file-6.c][function-5][ln:414]
[2020-03-09 11:39:15,706][INFO] any info message - [id:10][instance:7] - [COMP-10][file-3.c][function-7][ln:915]
[2020-03-09 11:39:17,207][INFO] any info message - [id:10][instance:3] - [COMP-4][file-6.c][function-6][ln:419]
[2020-03-09 11:39:18,707][INFO] any info message - [id:10][instance:1] - [COMP-13][file-4.c][function-9][ln:254]
[2020-03-09 11:39:20,208][INFO] any info message - [id:10][instance:3] - [COMP-2][file-10.c][function-5][ln:68]
[2020-03-09 11:39:21,709][INFO] any info message - [id:10][instance:7] - [COMP-13][file-4.c][function-12][ln:240]
[2020-03-09 11:39:23,210][INFO] any info message - [id:10][instance:5] - [COMP-5][file-11.c][function-7][ln:527]
[2020-03-09 11:39:24,711][INFO] any info message - [id:10][instance:1] - [COMP-13][file-11.c][function-5][ln:316]
[2020-03-09 11:39:26,211][INFO] any info message - [id:10][instance:2] - [COMP-6][file-7.c][function-13][ln:98]
[2020-03-09 11:39:27,712][INFO] any info message - [id:10][instance:1] - [COMP-12][file-6.c][function-3][ln:367]
[2020-03-09 11:39:28,606][DEBUG] any debug message - [id:10][instance:1] - [COMP-6][file-10.c][function-11][ln:321]
[2020-03-09 11:39:29,213][INFO] any info message - [id:10][instance:4] - [COMP-2][file-11.c][function-6][ln:769]
[2020-03-09 11:39:30,714][INFO] any info message - [id:10][instance:3] - [COMP-6][file-7.c][function-5][ln:425]
[2020-03-09 11:39:32,215][INFO] any info message - [id:10][instance:2] - [COMP-1][file-2.c][function-6][ln:545]
[2020-03-09 11:39:33,716][INFO] any info message - [id:10][instance:5] - [COMP-7][file-2.c][function-3][ln:450]
[2020-03-09 11:39:35,217][INFO] any info message - [id:10][instance:7] - [COMP-12][file-2.c][function-9][ln:117]
[2020-03-09 11:39:36,717][INFO] any info message - [id:10][instance:2] - [COMP-2][file-7.c][function-8][ln:480]
[2020-03-09 11:39:38,219][INFO] any info message - [id:10][instance:1] - [COMP-11][file-10.c][function-11][ln:392]
[2020-03-09 11:39:39,720][INFO] any info message - [id:10][instance:1] - [COMP-5][file-6.c][function-4][ln:22]
[2020-03-09 11:39:41,221][INFO] any info message - [id:10][instance:7] - [COMP-5][file-12.c][function-6][ln:483]
[2020-03-09 11:39:42,721][INFO] any info message - [id:10][instance:5] - [COMP-2][file-12.c][function-10][ln:889]
[2020-03-09 11:39:43,582][WARNING] Here is a warning message - [id:10][instance:4] - [COMP-7][file-8.c][function-12][ln:934]
[2020-03-09 11:39:43,607][DEBUG] any debug message - [id:10][instance:2] - [COMP-7][file-11.c][function-11][ln:316]
[2020-03-09 11:39:44,223][INFO] any info message - [id:10][instance:6] - [COMP-9][file-3.c][function-11][ln:745]
[2020-03-09 11:39:45,724][INFO] any info message - [id:10][instance:7] - [COMP-12][file-12.c][function-13][ln:147]
[2020-03-09 11:39:47,225][INFO] any info message - [id:10][instance:7] - [COMP-11][file-10.c][function-5][ln:107]
[2020-03-09 11:39:48,725][INFO] any info message - [id:10][instance:4] - [COMP-10][file-4.c][function-6][ln:622]
